mode: set
actionphase/main.go:18.13,22.16 4 0
actionphase/main.go:22.16,23.13 1 0
actionphase/main.go:25.2,33.16 4 0
actionphase/main.go:33.16,34.13 1 0
actionphase/main.go:36.2,39.16 2 0
actionphase/main.go:39.16,40.13 1 0
actionphase/main.go:43.2,50.21 5 0
actionphase/pkg/db/models/characters.sql.go:28.106,39.2 4 0
actionphase/pkg/db/models/characters.sql.go:55.102,75.2 4 0
actionphase/pkg/db/models/characters.sql.go:94.115,116.2 4 0
actionphase/pkg/db/models/characters.sql.go:122.72,125.2 2 0
actionphase/pkg/db/models/characters.sql.go:138.97,141.2 2 0
actionphase/pkg/db/models/characters.sql.go:153.101,156.2 2 0
actionphase/pkg/db/models/characters.sql.go:162.82,176.2 4 0
actionphase/pkg/db/models/characters.sql.go:184.102,186.16 2 0
actionphase/pkg/db/models/characters.sql.go:186.16,188.3 1 0
actionphase/pkg/db/models/characters.sql.go:189.2,191.18 3 0
actionphase/pkg/db/models/characters.sql.go:191.18,203.17 2 0
actionphase/pkg/db/models/characters.sql.go:203.17,205.4 1 0
actionphase/pkg/db/models/characters.sql.go:206.3,206.27 1 0
actionphase/pkg/db/models/characters.sql.go:208.2,208.35 1 0
actionphase/pkg/db/models/characters.sql.go:208.35,210.3 1 0
actionphase/pkg/db/models/characters.sql.go:211.2,211.19 1 0
actionphase/pkg/db/models/characters.sql.go:225.127,227.16 2 0
actionphase/pkg/db/models/characters.sql.go:227.16,229.3 1 0
actionphase/pkg/db/models/characters.sql.go:230.2,232.18 3 0
actionphase/pkg/db/models/characters.sql.go:232.18,244.17 2 0
actionphase/pkg/db/models/characters.sql.go:244.17,246.4 1 0
actionphase/pkg/db/models/characters.sql.go:247.3,247.27 1 0
actionphase/pkg/db/models/characters.sql.go:249.2,249.35 1 0
actionphase/pkg/db/models/characters.sql.go:249.35,251.3 1 0
actionphase/pkg/db/models/characters.sql.go:252.2,252.19 1 0
actionphase/pkg/db/models/characters.sql.go:275.108,277.16 2 0
actionphase/pkg/db/models/characters.sql.go:277.16,279.3 1 0
actionphase/pkg/db/models/characters.sql.go:280.2,282.18 3 0
actionphase/pkg/db/models/characters.sql.go:282.18,294.17 2 0
actionphase/pkg/db/models/characters.sql.go:294.17,296.4 1 0
actionphase/pkg/db/models/characters.sql.go:297.3,297.27 1 0
actionphase/pkg/db/models/characters.sql.go:299.2,299.35 1 0
actionphase/pkg/db/models/characters.sql.go:299.35,301.3 1 0
actionphase/pkg/db/models/characters.sql.go:302.2,302.19 1 0
actionphase/pkg/db/models/characters.sql.go:325.114,327.16 2 0
actionphase/pkg/db/models/characters.sql.go:327.16,329.3 1 0
actionphase/pkg/db/models/characters.sql.go:330.2,332.18 3 0
actionphase/pkg/db/models/characters.sql.go:332.18,344.17 2 0
actionphase/pkg/db/models/characters.sql.go:344.17,346.4 1 0
actionphase/pkg/db/models/characters.sql.go:347.3,347.27 1 0
actionphase/pkg/db/models/characters.sql.go:349.2,349.35 1 0
actionphase/pkg/db/models/characters.sql.go:349.35,351.3 1 0
actionphase/pkg/db/models/characters.sql.go:352.2,352.19 1 0
actionphase/pkg/db/models/characters.sql.go:359.99,370.2 4 0
actionphase/pkg/db/models/characters.sql.go:396.96,398.16 2 0
actionphase/pkg/db/models/characters.sql.go:398.16,400.3 1 0
actionphase/pkg/db/models/characters.sql.go:401.2,403.18 3 0
actionphase/pkg/db/models/characters.sql.go:403.18,417.17 2 0
actionphase/pkg/db/models/characters.sql.go:417.17,419.4 1 0
actionphase/pkg/db/models/characters.sql.go:420.3,420.27 1 0
actionphase/pkg/db/models/characters.sql.go:422.2,422.35 1 0
actionphase/pkg/db/models/characters.sql.go:422.35,424.3 1 0
actionphase/pkg/db/models/characters.sql.go:425.2,425.19 1 0
actionphase/pkg/db/models/characters.sql.go:448.120,450.16 2 0
actionphase/pkg/db/models/characters.sql.go:450.16,452.3 1 0
actionphase/pkg/db/models/characters.sql.go:453.2,455.18 3 0
actionphase/pkg/db/models/characters.sql.go:455.18,467.17 2 0
actionphase/pkg/db/models/characters.sql.go:467.17,469.4 1 0
actionphase/pkg/db/models/characters.sql.go:470.3,470.27 1 0
actionphase/pkg/db/models/characters.sql.go:472.2,472.35 1 0
actionphase/pkg/db/models/characters.sql.go:472.35,474.3 1 0
actionphase/pkg/db/models/characters.sql.go:475.2,475.19 1 0
actionphase/pkg/db/models/characters.sql.go:484.108,486.16 2 0
actionphase/pkg/db/models/characters.sql.go:486.16,488.3 1 0
actionphase/pkg/db/models/characters.sql.go:489.2,491.18 3 0
actionphase/pkg/db/models/characters.sql.go:491.18,503.17 2 0
actionphase/pkg/db/models/characters.sql.go:503.17,505.4 1 0
actionphase/pkg/db/models/characters.sql.go:506.3,506.27 1 0
actionphase/pkg/db/models/characters.sql.go:508.2,508.35 1 0
actionphase/pkg/db/models/characters.sql.go:508.35,510.3 1 0
actionphase/pkg/db/models/characters.sql.go:511.2,511.19 1 0
actionphase/pkg/db/models/characters.sql.go:535.100,537.16 2 0
actionphase/pkg/db/models/characters.sql.go:537.16,539.3 1 0
actionphase/pkg/db/models/characters.sql.go:540.2,542.18 3 0
actionphase/pkg/db/models/characters.sql.go:542.18,554.17 2 0
actionphase/pkg/db/models/characters.sql.go:554.17,556.4 1 0
actionphase/pkg/db/models/characters.sql.go:557.3,557.27 1 0
actionphase/pkg/db/models/characters.sql.go:559.2,559.35 1 0
actionphase/pkg/db/models/characters.sql.go:559.35,561.3 1 0
actionphase/pkg/db/models/characters.sql.go:562.2,562.19 1 0
actionphase/pkg/db/models/characters.sql.go:569.77,572.2 2 0
actionphase/pkg/db/models/characters.sql.go:587.102,601.2 4 0
actionphase/pkg/db/models/characters.sql.go:615.114,629.2 4 0
actionphase/pkg/db/models/communications.sql.go:27.138,39.2 4 0
actionphase/pkg/db/models/communications.sql.go:54.111,72.2 4 0
actionphase/pkg/db/models/communications.sql.go:88.93,109.2 4 0
actionphase/pkg/db/models/communications.sql.go:125.105,146.2 4 0
actionphase/pkg/db/models/communications.sql.go:152.69,155.2 2 0
actionphase/pkg/db/models/communications.sql.go:161.73,164.2 2 0
actionphase/pkg/db/models/communications.sql.go:170.88,183.2 4 0
actionphase/pkg/db/models/communications.sql.go:206.124,208.16 2 0
actionphase/pkg/db/models/communications.sql.go:208.16,210.3 1 0
actionphase/pkg/db/models/communications.sql.go:211.2,213.18 3 0
actionphase/pkg/db/models/communications.sql.go:213.18,225.17 2 0
actionphase/pkg/db/models/communications.sql.go:225.17,227.4 1 0
actionphase/pkg/db/models/communications.sql.go:228.3,228.27 1 0
actionphase/pkg/db/models/communications.sql.go:230.2,230.35 1 0
actionphase/pkg/db/models/communications.sql.go:230.35,232.3 1 0
actionphase/pkg/db/models/communications.sql.go:233.2,233.19 1 0
actionphase/pkg/db/models/communications.sql.go:256.132,258.16 2 0
actionphase/pkg/db/models/communications.sql.go:258.16,260.3 1 0
actionphase/pkg/db/models/communications.sql.go:261.2,263.18 3 0
actionphase/pkg/db/models/communications.sql.go:263.18,274.17 2 0
actionphase/pkg/db/models/communications.sql.go:274.17,276.4 1 0
actionphase/pkg/db/models/communications.sql.go:277.3,277.27 1 0
actionphase/pkg/db/models/communications.sql.go:279.2,279.35 1 0
actionphase/pkg/db/models/communications.sql.go:279.35,281.3 1 0
actionphase/pkg/db/models/communications.sql.go:282.2,282.19 1 0
actionphase/pkg/db/models/communications.sql.go:308.98,310.16 2 0
actionphase/pkg/db/models/communications.sql.go:310.16,312.3 1 0
actionphase/pkg/db/models/communications.sql.go:313.2,315.18 3 0
actionphase/pkg/db/models/communications.sql.go:315.18,329.17 2 0
actionphase/pkg/db/models/communications.sql.go:329.17,331.4 1 0
actionphase/pkg/db/models/communications.sql.go:332.3,332.27 1 0
actionphase/pkg/db/models/communications.sql.go:334.2,334.35 1 0
actionphase/pkg/db/models/communications.sql.go:334.35,336.3 1 0
actionphase/pkg/db/models/communications.sql.go:337.2,337.19 1 0
actionphase/pkg/db/models/communications.sql.go:363.107,365.16 2 0
actionphase/pkg/db/models/communications.sql.go:365.16,367.3 1 0
actionphase/pkg/db/models/communications.sql.go:368.2,370.18 3 0
actionphase/pkg/db/models/communications.sql.go:370.18,384.17 2 0
actionphase/pkg/db/models/communications.sql.go:384.17,386.4 1 0
actionphase/pkg/db/models/communications.sql.go:387.3,387.27 1 0
actionphase/pkg/db/models/communications.sql.go:389.2,389.35 1 0
actionphase/pkg/db/models/communications.sql.go:389.35,391.3 1 0
actionphase/pkg/db/models/communications.sql.go:392.2,392.19 1 0
actionphase/pkg/db/models/communications.sql.go:415.82,431.2 4 0
actionphase/pkg/db/models/communications.sql.go:455.90,472.2 4 0
actionphase/pkg/db/models/communications.sql.go:497.100,499.16 2 0
actionphase/pkg/db/models/communications.sql.go:499.16,501.3 1 0
actionphase/pkg/db/models/communications.sql.go:502.2,504.18 3 0
actionphase/pkg/db/models/communications.sql.go:504.18,518.17 2 0
actionphase/pkg/db/models/communications.sql.go:518.17,520.4 1 0
actionphase/pkg/db/models/communications.sql.go:521.3,521.27 1 0
actionphase/pkg/db/models/communications.sql.go:523.2,523.35 1 0
actionphase/pkg/db/models/communications.sql.go:523.35,525.3 1 0
actionphase/pkg/db/models/communications.sql.go:526.2,526.19 1 0
actionphase/pkg/db/models/communications.sql.go:543.110,548.2 4 0
actionphase/pkg/db/models/communications.sql.go:579.128,581.16 2 0
actionphase/pkg/db/models/communications.sql.go:581.16,583.3 1 0
actionphase/pkg/db/models/communications.sql.go:584.2,586.18 3 0
actionphase/pkg/db/models/communications.sql.go:586.18,599.17 2 0
actionphase/pkg/db/models/communications.sql.go:599.17,601.4 1 0
actionphase/pkg/db/models/communications.sql.go:602.3,602.27 1 0
actionphase/pkg/db/models/communications.sql.go:604.2,604.35 1 0
actionphase/pkg/db/models/communications.sql.go:604.35,606.3 1 0
actionphase/pkg/db/models/communications.sql.go:607.2,607.19 1 0
actionphase/pkg/db/models/communications.sql.go:622.107,627.2 4 0
actionphase/pkg/db/models/communications.sql.go:641.117,644.2 2 0
actionphase/pkg/db/models/communications.sql.go:659.113,677.2 4 0
actionphase/pkg/db/models/communications.sql.go:691.99,706.2 4 0
actionphase/pkg/db/models/communications.sql.go:714.83,717.2 2 0
actionphase/pkg/db/models/communications.sql.go:730.95,733.2 2 0
actionphase/pkg/db/models/communications.sql.go:748.93,763.2 4 0
actionphase/pkg/db/models/communications.sql.go:771.77,774.2 2 0
actionphase/pkg/db/models/communications.sql.go:788.105,803.2 4 0
actionphase/pkg/db/models/db.go:20.28,22.2 1 0
actionphase/pkg/db/models/db.go:28.46,32.2 1 0
actionphase/pkg/db/models/games.sql.go:26.114,38.2 4 0
actionphase/pkg/db/models/games.sql.go:64.99,69.2 4 0
actionphase/pkg/db/models/games.sql.go:92.87,121.2 4 0
actionphase/pkg/db/models/games.sql.go:127.67,130.2 2 0
actionphase/pkg/db/models/games.sql.go:157.78,159.16 2 0
actionphase/pkg/db/models/games.sql.go:159.16,161.3 1 0
actionphase/pkg/db/models/games.sql.go:162.2,164.18 3 0
actionphase/pkg/db/models/games.sql.go:164.18,181.17 2 0
actionphase/pkg/db/models/games.sql.go:181.17,183.4 1 0
actionphase/pkg/db/models/games.sql.go:184.3,184.27 1 0
actionphase/pkg/db/models/games.sql.go:186.2,186.35 1 0
actionphase/pkg/db/models/games.sql.go:186.35,188.3 1 0
actionphase/pkg/db/models/games.sql.go:189.2,189.19 1 0
actionphase/pkg/db/models/games.sql.go:196.72,215.2 4 0
actionphase/pkg/db/models/games.sql.go:222.93,227.2 4 0
actionphase/pkg/db/models/games.sql.go:248.108,250.16 2 0
actionphase/pkg/db/models/games.sql.go:250.16,252.3 1 0
actionphase/pkg/db/models/games.sql.go:253.2,255.18 3 0
actionphase/pkg/db/models/games.sql.go:255.18,266.17 2 0
actionphase/pkg/db/models/games.sql.go:266.17,268.4 1 0
actionphase/pkg/db/models/games.sql.go:269.3,269.27 1 0
actionphase/pkg/db/models/games.sql.go:271.2,271.35 1 0
actionphase/pkg/db/models/games.sql.go:271.35,273.3 1 0
actionphase/pkg/db/models/games.sql.go:274.2,274.19 1 0
actionphase/pkg/db/models/games.sql.go:311.100,332.2 4 0
actionphase/pkg/db/models/games.sql.go:338.85,340.16 2 0
actionphase/pkg/db/models/games.sql.go:340.16,342.3 1 0
actionphase/pkg/db/models/games.sql.go:343.2,345.18 3 0
actionphase/pkg/db/models/games.sql.go:345.18,361.17 2 0
actionphase/pkg/db/models/games.sql.go:361.17,363.4 1 0
actionphase/pkg/db/models/games.sql.go:364.3,364.27 1 0
actionphase/pkg/db/models/games.sql.go:366.2,366.35 1 0
actionphase/pkg/db/models/games.sql.go:366.35,368.3 1 0
actionphase/pkg/db/models/games.sql.go:369.2,369.19 1 0
actionphase/pkg/db/models/games.sql.go:399.98,401.16 2 0
actionphase/pkg/db/models/games.sql.go:401.16,403.3 1 0
actionphase/pkg/db/models/games.sql.go:404.2,406.18 3 0
actionphase/pkg/db/models/games.sql.go:406.18,424.17 2 0
actionphase/pkg/db/models/games.sql.go:424.17,426.4 1 0
actionphase/pkg/db/models/games.sql.go:427.3,427.27 1 0
actionphase/pkg/db/models/games.sql.go:429.2,429.35 1 0
actionphase/pkg/db/models/games.sql.go:429.35,431.3 1 0
actionphase/pkg/db/models/games.sql.go:432.2,432.19 1 0
actionphase/pkg/db/models/games.sql.go:441.83,443.16 2 0
actionphase/pkg/db/models/games.sql.go:443.16,445.3 1 0
actionphase/pkg/db/models/games.sql.go:446.2,448.18 3 0
actionphase/pkg/db/models/games.sql.go:448.18,464.17 2 0
actionphase/pkg/db/models/games.sql.go:464.17,466.4 1 0
actionphase/pkg/db/models/games.sql.go:467.3,467.27 1 0
actionphase/pkg/db/models/games.sql.go:469.2,469.35 1 0
actionphase/pkg/db/models/games.sql.go:469.35,471.3 1 0
actionphase/pkg/db/models/games.sql.go:472.2,472.19 1 0
actionphase/pkg/db/models/games.sql.go:485.105,490.2 4 0
actionphase/pkg/db/models/games.sql.go:527.92,529.16 2 0
actionphase/pkg/db/models/games.sql.go:529.16,531.3 1 0
actionphase/pkg/db/models/games.sql.go:532.2,534.18 3 0
actionphase/pkg/db/models/games.sql.go:534.18,552.17 2 0
actionphase/pkg/db/models/games.sql.go:552.17,554.4 1 0
actionphase/pkg/db/models/games.sql.go:555.3,555.27 1 0
actionphase/pkg/db/models/games.sql.go:557.2,557.35 1 0
actionphase/pkg/db/models/games.sql.go:557.35,559.3 1 0
actionphase/pkg/db/models/games.sql.go:560.2,560.19 1 0
actionphase/pkg/db/models/games.sql.go:575.91,580.2 4 0
actionphase/pkg/db/models/games.sql.go:592.101,595.2 2 0
actionphase/pkg/db/models/games.sql.go:618.87,647.2 4 0
actionphase/pkg/db/models/games.sql.go:695.120,724.2 4 0
actionphase/pkg/db/models/games.sql.go:738.97,757.2 4 0
actionphase/pkg/db/models/games.sql.go:772.124,784.2 4 0
actionphase/pkg/db/models/notifications.sql.go:30.111,54.2 4 0
actionphase/pkg/db/models/notifications.sql.go:66.95,69.2 2 0
actionphase/pkg/db/models/notifications.sql.go:76.69,79.2 2 0
actionphase/pkg/db/models/notifications.sql.go:110.128,112.16 2 0
actionphase/pkg/db/models/notifications.sql.go:112.16,114.3 1 0
actionphase/pkg/db/models/notifications.sql.go:115.2,117.18 3 0
actionphase/pkg/db/models/notifications.sql.go:117.18,131.17 2 0
actionphase/pkg/db/models/notifications.sql.go:131.17,133.4 1 0
actionphase/pkg/db/models/notifications.sql.go:134.3,134.27 1 0
actionphase/pkg/db/models/notifications.sql.go:136.2,136.35 1 0
actionphase/pkg/db/models/notifications.sql.go:136.35,138.3 1 0
actionphase/pkg/db/models/notifications.sql.go:139.2,139.19 1 0
actionphase/pkg/db/models/notifications.sql.go:147.96,152.2 4 0
actionphase/pkg/db/models/notifications.sql.go:176.114,178.16 2 0
actionphase/pkg/db/models/notifications.sql.go:178.16,180.3 1 0
actionphase/pkg/db/models/notifications.sql.go:181.2,183.18 3 0
actionphase/pkg/db/models/notifications.sql.go:183.18,197.17 2 0
actionphase/pkg/db/models/notifications.sql.go:197.17,199.4 1 0
actionphase/pkg/db/models/notifications.sql.go:200.3,200.27 1 0
actionphase/pkg/db/models/notifications.sql.go:202.2,202.35 1 0
actionphase/pkg/db/models/notifications.sql.go:202.35,204.3 1 0
actionphase/pkg/db/models/notifications.sql.go:205.2,205.19 1 0
actionphase/pkg/db/models/notifications.sql.go:237.128,239.16 2 0
actionphase/pkg/db/models/notifications.sql.go:239.16,241.3 1 0
actionphase/pkg/db/models/notifications.sql.go:242.2,244.18 3 0
actionphase/pkg/db/models/notifications.sql.go:244.18,258.17 2 0
actionphase/pkg/db/models/notifications.sql.go:258.17,260.4 1 0
actionphase/pkg/db/models/notifications.sql.go:261.3,261.27 1 0
actionphase/pkg/db/models/notifications.sql.go:263.2,263.35 1 0
actionphase/pkg/db/models/notifications.sql.go:263.35,265.3 1 0
actionphase/pkg/db/models/notifications.sql.go:266.2,266.19 1 0
actionphase/pkg/db/models/notifications.sql.go:275.85,278.2 2 0
actionphase/pkg/db/models/notifications.sql.go:291.109,294.2 2 0
actionphase/pkg/db/models/notifications.sql.go:308.115,324.2 4 0
actionphase/pkg/db/models/notifications.sql.go:343.101,354.2 2 0
actionphase/pkg/db/models/notifications.sql.go:373.75,384.2 2 0
actionphase/pkg/db/models/notifications.sql.go:404.103,415.2 2 0
actionphase/pkg/db/models/phases.sql.go:21.83,36.2 4 0
actionphase/pkg/db/models/phases.sql.go:53.102,75.2 4 0
actionphase/pkg/db/models/phases.sql.go:83.84,86.2 2 0
actionphase/pkg/db/models/phases.sql.go:95.85,110.2 4 0
actionphase/pkg/db/models/phases.sql.go:123.83,126.2 2 0
actionphase/pkg/db/models/phases.sql.go:133.88,148.2 4 0
actionphase/pkg/db/models/phases.sql.go:175.98,177.16 2 0
actionphase/pkg/db/models/phases.sql.go:177.16,179.3 1 0
actionphase/pkg/db/models/phases.sql.go:180.2,182.18 3 0
actionphase/pkg/db/models/phases.sql.go:182.18,197.17 2 0
actionphase/pkg/db/models/phases.sql.go:197.17,199.4 1 0
actionphase/pkg/db/models/phases.sql.go:200.3,200.27 1 0
actionphase/pkg/db/models/phases.sql.go:202.2,202.35 1 0
actionphase/pkg/db/models/phases.sql.go:202.35,204.3 1 0
actionphase/pkg/db/models/phases.sql.go:205.2,205.19 1 0
actionphase/pkg/db/models/phases.sql.go:214.89,216.16 2 0
actionphase/pkg/db/models/phases.sql.go:216.16,218.3 1 0
actionphase/pkg/db/models/phases.sql.go:219.2,221.18 3 0
actionphase/pkg/db/models/phases.sql.go:221.18,233.17 2 0
actionphase/pkg/db/models/phases.sql.go:233.17,235.4 1 0
actionphase/pkg/db/models/phases.sql.go:236.3,236.27 1 0
actionphase/pkg/db/models/phases.sql.go:238.2,238.35 1 0
actionphase/pkg/db/models/phases.sql.go:238.35,240.3 1 0
actionphase/pkg/db/models/phases.sql.go:241.2,241.19 1 0
actionphase/pkg/db/models/phases.sql.go:268.98,270.16 2 0
actionphase/pkg/db/models/phases.sql.go:270.16,272.3 1 0
actionphase/pkg/db/models/phases.sql.go:273.2,275.18 3 0
actionphase/pkg/db/models/phases.sql.go:275.18,289.17 2 0
actionphase/pkg/db/models/phases.sql.go:289.17,291.4 1 0
actionphase/pkg/db/models/phases.sql.go:292.3,292.27 1 0
actionphase/pkg/db/models/phases.sql.go:294.2,294.35 1 0
actionphase/pkg/db/models/phases.sql.go:294.35,296.3 1 0
actionphase/pkg/db/models/phases.sql.go:297.2,297.19 1 0
actionphase/pkg/db/models/phases.sql.go:306.96,311.2 4 0
actionphase/pkg/db/models/phases.sql.go:317.78,332.2 4 0
actionphase/pkg/db/models/phases.sql.go:356.101,358.16 2 0
actionphase/pkg/db/models/phases.sql.go:358.16,360.3 1 0
actionphase/pkg/db/models/phases.sql.go:361.2,363.18 3 0
actionphase/pkg/db/models/phases.sql.go:363.18,376.17 2 0
actionphase/pkg/db/models/phases.sql.go:376.17,378.4 1 0
actionphase/pkg/db/models/phases.sql.go:379.3,379.27 1 0
actionphase/pkg/db/models/phases.sql.go:381.2,381.35 1 0
actionphase/pkg/db/models/phases.sql.go:381.35,383.3 1 0
actionphase/pkg/db/models/phases.sql.go:384.2,384.19 1 0
actionphase/pkg/db/models/phases.sql.go:408.101,410.16 2 0
actionphase/pkg/db/models/phases.sql.go:410.16,412.3 1 0
actionphase/pkg/db/models/phases.sql.go:413.2,415.18 3 0
actionphase/pkg/db/models/phases.sql.go:415.18,427.17 2 0
actionphase/pkg/db/models/phases.sql.go:427.17,429.4 1 0
actionphase/pkg/db/models/phases.sql.go:430.3,430.27 1 0
actionphase/pkg/db/models/phases.sql.go:432.2,432.35 1 0
actionphase/pkg/db/models/phases.sql.go:432.35,434.3 1 0
actionphase/pkg/db/models/phases.sql.go:435.2,435.19 1 0
actionphase/pkg/db/models/phases.sql.go:449.105,463.2 4 0
actionphase/pkg/db/models/phases.sql.go:491.110,493.16 2 0
actionphase/pkg/db/models/phases.sql.go:493.16,495.3 1 0
actionphase/pkg/db/models/phases.sql.go:496.2,498.18 3 0
actionphase/pkg/db/models/phases.sql.go:498.18,511.17 2 0
actionphase/pkg/db/models/phases.sql.go:511.17,513.4 1 0
actionphase/pkg/db/models/phases.sql.go:514.3,514.27 1 0
actionphase/pkg/db/models/phases.sql.go:516.2,516.35 1 0
actionphase/pkg/db/models/phases.sql.go:516.35,518.3 1 0
actionphase/pkg/db/models/phases.sql.go:519.2,519.19 1 0
actionphase/pkg/db/models/phases.sql.go:549.110,551.16 2 0
actionphase/pkg/db/models/phases.sql.go:551.16,553.3 1 0
actionphase/pkg/db/models/phases.sql.go:554.2,556.18 3 0
actionphase/pkg/db/models/phases.sql.go:556.18,569.17 2 0
actionphase/pkg/db/models/phases.sql.go:569.17,571.4 1 0
actionphase/pkg/db/models/phases.sql.go:572.3,572.27 1 0
actionphase/pkg/db/models/phases.sql.go:574.2,574.35 1 0
actionphase/pkg/db/models/phases.sql.go:574.35,576.3 1 0
actionphase/pkg/db/models/phases.sql.go:577.2,577.19 1 0
actionphase/pkg/db/models/phases.sql.go:594.107,613.2 4 0
actionphase/pkg/db/models/phases.sql.go:631.103,651.2 4 0
actionphase/pkg/db/models/phases.sql.go:665.110,680.2 4 0
actionphase/pkg/db/models/sessions.sql.go:29.96,39.2 4 0
actionphase/pkg/db/models/sessions.sql.go:46.70,49.2 2 0
actionphase/pkg/db/models/sessions.sql.go:56.80,59.2 2 0
actionphase/pkg/db/models/sessions.sql.go:66.78,76.2 4 0
actionphase/pkg/db/models/sessions.sql.go:83.88,93.2 4 0
actionphase/pkg/db/models/sessions.sql.go:100.91,102.16 2 0
actionphase/pkg/db/models/sessions.sql.go:102.16,104.3 1 0
actionphase/pkg/db/models/sessions.sql.go:105.2,107.18 3 0
actionphase/pkg/db/models/sessions.sql.go:107.18,114.17 2 0
actionphase/pkg/db/models/sessions.sql.go:114.17,116.4 1 0
actionphase/pkg/db/models/sessions.sql.go:117.3,117.27 1 0
actionphase/pkg/db/models/sessions.sql.go:119.2,119.35 1 0
actionphase/pkg/db/models/sessions.sql.go:119.35,121.3 1 0
actionphase/pkg/db/models/sessions.sql.go:122.2,122.19 1 0
actionphase/pkg/db/models/users.sql.go:27.87,44.2 4 0
actionphase/pkg/db/models/users.sql.go:51.67,54.2 2 0
actionphase/pkg/db/models/users.sql.go:61.72,78.2 4 0
actionphase/pkg/db/models/users.sql.go:85.89,102.2 4 0
actionphase/pkg/db/models/users.sql.go:109.66,111.16 2 0
actionphase/pkg/db/models/users.sql.go:111.16,113.3 1 0
actionphase/pkg/db/models/users.sql.go:114.2,116.18 3 0
actionphase/pkg/db/models/users.sql.go:116.18,130.17 2 0
actionphase/pkg/db/models/users.sql.go:130.17,132.4 1 0
actionphase/pkg/db/models/users.sql.go:133.3,133.27 1 0
actionphase/pkg/db/models/users.sql.go:135.2,135.35 1 0
actionphase/pkg/db/models/users.sql.go:135.35,137.3 1 0
actionphase/pkg/db/models/users.sql.go:138.2,138.19 1 0
actionphase/pkg/db/models/users.sql.go:156.79,164.2 2 0
actionphase/pkg/http/root.go:21.13,24.2 1 0
actionphase/pkg/http/root.go:26.27,34.58 7 0
actionphase/pkg/http/root.go:34.58,36.3 1 0
actionphase/pkg/http/root.go:38.2,38.62 1 0
actionphase/pkg/http/root.go:38.62,40.3 1 0
actionphase/pkg/http/root.go:42.2,42.69 1 0
actionphase/pkg/http/root.go:42.69,45.3 2 0
actionphase/pkg/http/root.go:47.2,47.63 1 0
actionphase/pkg/http/root.go:47.63,48.16 1 0
actionphase/pkg/http/root.go:51.2,54.43 3 0
actionphase/pkg/http/root.go:54.43,58.30 4 0
actionphase/pkg/http/root.go:58.30,63.4 3 0
actionphase/pkg/http/root.go:65.2,69.44 3 0
actionphase/pkg/http/root.go:69.44,80.30 7 0
actionphase/pkg/http/root.go:80.30,93.4 8 0
actionphase/pkg/http/root.go:95.2,99.33 3 0
actionphase/pkg/core/api_errors.go:36.76,39.2 2 0
actionphase/pkg/core/api_errors.go:50.51,57.2 1 0
actionphase/pkg/core/api_errors.go:70.50,77.2 1 0
actionphase/pkg/core/api_errors.go:88.54,94.2 1 0
actionphase/pkg/core/api_errors.go:105.51,111.2 1 0
actionphase/pkg/core/api_errors.go:122.47,129.2 1 0
actionphase/pkg/core/mocks.go:17.64,18.26 1 0
actionphase/pkg/core/mocks.go:18.26,20.3 1 0
actionphase/pkg/core/mocks.go:21.2,21.17 1 0
actionphase/pkg/core/mocks.go:24.77,25.33 1 0
actionphase/pkg/core/mocks.go:25.33,27.3 1 0
actionphase/pkg/core/mocks.go:28.2,28.17 1 0
actionphase/pkg/core/mocks.go:31.61,32.27 1 0
actionphase/pkg/core/mocks.go:32.27,34.3 1 0
actionphase/pkg/core/mocks.go:35.2,35.17 1 0
actionphase/pkg/core/mocks.go:38.80,39.32 1 0
actionphase/pkg/core/mocks.go:39.32,41.3 1 0
actionphase/pkg/core/mocks.go:42.2,42.17 1 0
actionphase/pkg/core/mocks.go:45.71,46.39 1 0
actionphase/pkg/core/mocks.go:46.39,48.3 1 0
actionphase/pkg/core/mocks.go:49.2,49.12 1 0
actionphase/pkg/core/mocks.go:61.55,62.23 1 0
actionphase/pkg/core/mocks.go:62.23,64.3 1 0
actionphase/pkg/core/mocks.go:65.2,65.17 1 0
actionphase/pkg/core/mocks.go:68.74,69.33 1 0
actionphase/pkg/core/mocks.go:69.33,71.3 1 0
actionphase/pkg/core/mocks.go:72.2,72.17 1 0
actionphase/pkg/core/mocks.go:75.52,76.24 1 0
actionphase/pkg/core/mocks.go:76.24,78.3 1 0
actionphase/pkg/core/mocks.go:79.2,79.17 1 0
actionphase/pkg/core/mocks.go:82.65,83.29 1 0
actionphase/pkg/core/mocks.go:83.29,85.3 1 0
actionphase/pkg/core/mocks.go:86.2,86.17 1 0
actionphase/pkg/core/mocks.go:89.52,90.29 1 0
actionphase/pkg/core/mocks.go:90.29,92.3 1 0
actionphase/pkg/core/mocks.go:93.2,93.12 1 0
actionphase/pkg/core/mocks.go:117.104,118.29 1 0
actionphase/pkg/core/mocks.go:118.29,120.3 1 0
actionphase/pkg/core/mocks.go:121.2,121.17 1 0
actionphase/pkg/core/mocks.go:124.92,125.26 1 0
actionphase/pkg/core/mocks.go:125.26,127.3 1 0
actionphase/pkg/core/mocks.go:128.2,128.17 1 0
actionphase/pkg/core/mocks.go:131.113,132.33 1 0
actionphase/pkg/core/mocks.go:132.33,134.3 1 0
actionphase/pkg/core/mocks.go:135.2,135.17 1 0
actionphase/pkg/core/mocks.go:138.93,139.30 1 0
actionphase/pkg/core/mocks.go:139.30,141.3 1 0
actionphase/pkg/core/mocks.go:142.2,142.17 1 0
actionphase/pkg/core/mocks.go:145.117,146.34 1 0
actionphase/pkg/core/mocks.go:146.34,148.3 1 0
actionphase/pkg/core/mocks.go:149.2,149.17 1 0
actionphase/pkg/core/mocks.go:152.104,153.29 1 0
actionphase/pkg/core/mocks.go:153.29,155.3 1 0
actionphase/pkg/core/mocks.go:156.2,156.17 1 0
actionphase/pkg/core/mocks.go:159.79,160.29 1 0
actionphase/pkg/core/mocks.go:160.29,162.3 1 0
actionphase/pkg/core/mocks.go:163.2,163.12 1 0
actionphase/pkg/core/mocks.go:166.98,167.27 1 0
actionphase/pkg/core/mocks.go:167.27,169.3 1 0
actionphase/pkg/core/mocks.go:170.2,170.12 1 0
actionphase/pkg/core/mocks.go:173.86,174.28 1 0
actionphase/pkg/core/mocks.go:174.28,176.3 1 0
actionphase/pkg/core/mocks.go:177.2,177.12 1 0
actionphase/pkg/core/mocks.go:180.98,181.30 1 0
actionphase/pkg/core/mocks.go:181.30,183.3 1 0
actionphase/pkg/core/mocks.go:184.2,184.16 1 0
actionphase/pkg/core/mocks.go:187.97,188.31 1 0
actionphase/pkg/core/mocks.go:188.31,190.3 1 0
actionphase/pkg/core/mocks.go:191.2,191.19 1 0
actionphase/pkg/core/mocks.go:194.120,195.37 1 0
actionphase/pkg/core/mocks.go:195.37,197.3 1 0
actionphase/pkg/core/mocks.go:198.2,198.17 1 0
actionphase/pkg/core/mocks.go:201.107,202.37 1 0
actionphase/pkg/core/mocks.go:202.37,204.3 1 0
actionphase/pkg/core/mocks.go:205.2,205.17 1 0
actionphase/pkg/core/mocks.go:208.102,209.34 1 0
actionphase/pkg/core/mocks.go:209.34,211.3 1 0
actionphase/pkg/core/mocks.go:212.2,212.16 1 0
actionphase/pkg/core/mocks.go:215.135,216.37 1 0
actionphase/pkg/core/mocks.go:216.37,218.3 1 0
actionphase/pkg/core/mocks.go:219.2,219.17 1 0
actionphase/pkg/core/mocks.go:222.98,223.40 1 0
actionphase/pkg/core/mocks.go:223.40,225.3 1 0
actionphase/pkg/core/mocks.go:226.2,226.12 1 0
actionphase/pkg/core/mocks.go:229.123,230.38 1 0
actionphase/pkg/core/mocks.go:230.38,232.3 1 0
actionphase/pkg/core/mocks.go:233.2,233.17 1 0
actionphase/pkg/core/repository_mocks.go:21.107,22.27 1 1
actionphase/pkg/core/repository_mocks.go:22.27,24.3 1 1
actionphase/pkg/core/repository_mocks.go:25.2,25.23 1 0
actionphase/pkg/core/repository_mocks.go:28.86,29.24 1 1
actionphase/pkg/core/repository_mocks.go:29.24,31.3 1 1
actionphase/pkg/core/repository_mocks.go:32.2,32.23 1 0
actionphase/pkg/core/repository_mocks.go:35.103,36.34 1 0
actionphase/pkg/core/repository_mocks.go:36.34,38.3 1 0
actionphase/pkg/core/repository_mocks.go:39.2,39.23 1 0
actionphase/pkg/core/repository_mocks.go:42.96,43.27 1 0
actionphase/pkg/core/repository_mocks.go:43.27,45.3 1 0
actionphase/pkg/core/repository_mocks.go:46.2,46.12 1 0
actionphase/pkg/core/repository_mocks.go:49.78,50.27 1 0
actionphase/pkg/core/repository_mocks.go:50.27,52.3 1 0
actionphase/pkg/core/repository_mocks.go:53.2,53.12 1 0
actionphase/pkg/core/repository_mocks.go:56.80,57.26 1 0
actionphase/pkg/core/repository_mocks.go:57.26,59.3 1 0
actionphase/pkg/core/repository_mocks.go:60.2,60.25 1 0
actionphase/pkg/core/repository_mocks.go:73.119,74.30 1 0
actionphase/pkg/core/repository_mocks.go:74.30,76.3 1 0
actionphase/pkg/core/repository_mocks.go:77.2,77.26 1 0
actionphase/pkg/core/repository_mocks.go:80.95,81.27 1 0
actionphase/pkg/core/repository_mocks.go:81.27,83.3 1 0
actionphase/pkg/core/repository_mocks.go:84.2,84.26 1 0
actionphase/pkg/core/repository_mocks.go:87.105,88.34 1 0
actionphase/pkg/core/repository_mocks.go:88.34,90.3 1 0
actionphase/pkg/core/repository_mocks.go:91.2,91.26 1 0
actionphase/pkg/core/repository_mocks.go:94.84,95.30 1 0
actionphase/pkg/core/repository_mocks.go:95.30,97.3 1 0
actionphase/pkg/core/repository_mocks.go:98.2,98.12 1 0
actionphase/pkg/core/repository_mocks.go:101.94,102.37 1 0
actionphase/pkg/core/repository_mocks.go:102.37,104.3 1 0
actionphase/pkg/core/repository_mocks.go:105.2,105.12 1 0
actionphase/pkg/core/repository_mocks.go:108.108,109.34 1 0
actionphase/pkg/core/repository_mocks.go:109.34,111.3 1 0
actionphase/pkg/core/repository_mocks.go:112.2,112.28 1 0
actionphase/pkg/core/repository_mocks.go:129.107,130.27 1 0
actionphase/pkg/core/repository_mocks.go:130.27,132.3 1 0
actionphase/pkg/core/repository_mocks.go:133.2,133.23 1 0
actionphase/pkg/core/repository_mocks.go:136.86,137.24 1 0
actionphase/pkg/core/repository_mocks.go:137.24,139.3 1 0
actionphase/pkg/core/repository_mocks.go:140.2,140.23 1 0
actionphase/pkg/core/repository_mocks.go:143.92,144.28 1 0
actionphase/pkg/core/repository_mocks.go:144.28,146.3 1 0
actionphase/pkg/core/repository_mocks.go:147.2,147.35 1 0
actionphase/pkg/core/repository_mocks.go:150.112,151.31 1 0
actionphase/pkg/core/repository_mocks.go:151.31,153.3 1 0
actionphase/pkg/core/repository_mocks.go:154.2,154.38 1 0
actionphase/pkg/core/repository_mocks.go:157.99,158.29 1 0
actionphase/pkg/core/repository_mocks.go:158.29,160.3 1 0
actionphase/pkg/core/repository_mocks.go:161.2,161.25 1 0
actionphase/pkg/core/repository_mocks.go:164.106,165.35 1 0
actionphase/pkg/core/repository_mocks.go:165.35,167.3 1 0
actionphase/pkg/core/repository_mocks.go:168.2,168.42 1 0
actionphase/pkg/core/repository_mocks.go:171.114,172.35 1 0
actionphase/pkg/core/repository_mocks.go:172.35,174.3 1 0
actionphase/pkg/core/repository_mocks.go:175.2,175.40 1 0
actionphase/pkg/core/repository_mocks.go:178.107,179.27 1 0
actionphase/pkg/core/repository_mocks.go:179.27,181.3 1 0
actionphase/pkg/core/repository_mocks.go:182.2,182.23 1 0
actionphase/pkg/core/repository_mocks.go:185.117,186.32 1 0
actionphase/pkg/core/repository_mocks.go:186.32,188.3 1 0
actionphase/pkg/core/repository_mocks.go:189.2,189.23 1 0
actionphase/pkg/core/repository_mocks.go:192.78,193.27 1 0
actionphase/pkg/core/repository_mocks.go:193.27,195.3 1 0
actionphase/pkg/core/repository_mocks.go:196.2,196.12 1 0
actionphase/pkg/core/repository_mocks.go:211.145,212.35 1 0
actionphase/pkg/core/repository_mocks.go:212.35,214.3 1 0
actionphase/pkg/core/repository_mocks.go:215.2,215.34 1 0
actionphase/pkg/core/repository_mocks.go:218.133,219.36 1 0
actionphase/pkg/core/repository_mocks.go:219.36,221.3 1 0
actionphase/pkg/core/repository_mocks.go:222.2,222.43 1 0
actionphase/pkg/core/repository_mocks.go:225.129,226.38 1 0
actionphase/pkg/core/repository_mocks.go:226.38,228.3 1 0
actionphase/pkg/core/repository_mocks.go:229.2,229.12 1 0
actionphase/pkg/core/repository_mocks.go:232.119,233.29 1 0
actionphase/pkg/core/repository_mocks.go:233.29,235.3 1 0
actionphase/pkg/core/repository_mocks.go:236.2,236.19 1 0
actionphase/pkg/core/repository_mocks.go:239.127,240.32 1 0
actionphase/pkg/core/repository_mocks.go:240.32,242.3 1 0
actionphase/pkg/core/repository_mocks.go:243.2,243.24 1 0
actionphase/pkg/core/repository_mocks.go:246.133,247.35 1 0
actionphase/pkg/core/repository_mocks.go:247.35,249.3 1 0
actionphase/pkg/core/repository_mocks.go:250.2,250.22 1 0
actionphase/pkg/core/repository_mocks.go:253.155,254.40 1 0
actionphase/pkg/core/repository_mocks.go:254.40,256.3 1 0
actionphase/pkg/core/repository_mocks.go:257.2,257.34 1 0
actionphase/pkg/core/repository_mocks.go:260.115,261.40 1 0
actionphase/pkg/core/repository_mocks.go:261.40,263.3 1 0
actionphase/pkg/core/repository_mocks.go:264.2,264.15 1 0
actionphase/pkg/core/repository_mocks.go:276.58,283.2 1 0
actionphase/pkg/core/repository_mocks_simple.go:21.62,27.2 1 1
actionphase/pkg/core/repository_mocks_simple.go:29.113,41.2 5 1
actionphase/pkg/core/repository_mocks_simple.go:43.92,44.41 1 1
actionphase/pkg/core/repository_mocks_simple.go:44.41,46.3 1 1
actionphase/pkg/core/repository_mocks_simple.go:47.2,47.48 1 0
actionphase/pkg/core/repository_mocks_simple.go:50.109,51.52 1 0
actionphase/pkg/core/repository_mocks_simple.go:51.52,53.3 1 0
actionphase/pkg/core/repository_mocks_simple.go:54.2,54.48 1 0
actionphase/pkg/core/repository_mocks_simple.go:57.103,58.31 1 0
actionphase/pkg/core/repository_mocks_simple.go:58.31,59.26 1 0
actionphase/pkg/core/repository_mocks_simple.go:59.26,61.4 1 0
actionphase/pkg/core/repository_mocks_simple.go:63.2,63.48 1 0
actionphase/pkg/core/repository_mocks_simple.go:66.102,67.48 1 0
actionphase/pkg/core/repository_mocks_simple.go:67.48,73.3 5 0
actionphase/pkg/core/repository_mocks_simple.go:74.2,74.37 1 0
actionphase/pkg/core/repository_mocks_simple.go:77.84,78.41 1 0
actionphase/pkg/core/repository_mocks_simple.go:78.41,82.3 3 0
actionphase/pkg/core/repository_mocks_simple.go:83.2,83.37 1 0
actionphase/pkg/core/repository_mocks_simple.go:86.86,88.31 2 0
actionphase/pkg/core/repository_mocks_simple.go:88.31,90.3 1 0
actionphase/pkg/core/repository_mocks_simple.go:91.2,91.19 1 0
actionphase/pkg/core/repository_mocks_simple.go:100.62,105.2 1 1
actionphase/pkg/core/repository_mocks_simple.go:107.113,123.2 4 1
actionphase/pkg/core/repository_mocks_simple.go:125.92,126.41 1 1
actionphase/pkg/core/repository_mocks_simple.go:126.41,128.3 1 1
actionphase/pkg/core/repository_mocks_simple.go:129.2,129.48 1 0
actionphase/pkg/core/repository_mocks_simple.go:132.98,134.31 2 0
actionphase/pkg/core/repository_mocks_simple.go:134.31,144.3 1 0
actionphase/pkg/core/repository_mocks_simple.go:145.2,145.18 1 0
actionphase/pkg/core/repository_mocks_simple.go:148.123,149.48 1 0
actionphase/pkg/core/repository_mocks_simple.go:149.48,154.3 4 0
actionphase/pkg/core/repository_mocks_simple.go:155.2,155.48 1 0
actionphase/pkg/core/repository_mocks_simple.go:158.84,159.38 1 0
actionphase/pkg/core/repository_mocks_simple.go:159.38,162.3 2 0
actionphase/pkg/core/repository_mocks_simple.go:163.2,163.37 1 0
actionphase/pkg/core/repository_mocks_simple.go:167.118,169.2 1 0
actionphase/pkg/core/repository_mocks_simple.go:171.105,173.31 2 0
actionphase/pkg/core/repository_mocks_simple.go:173.31,174.32 1 0
actionphase/pkg/core/repository_mocks_simple.go:174.32,176.4 1 0
actionphase/pkg/core/repository_mocks_simple.go:178.2,178.19 1 0
actionphase/pkg/core/repository_mocks_simple.go:181.112,183.2 1 0
actionphase/pkg/core/repository_mocks_simple.go:185.120,187.2 1 0
actionphase/pkg/core/repository_mocks_simple.go:189.113,190.48 1 0
actionphase/pkg/core/repository_mocks_simple.go:190.48,202.3 11 0
actionphase/pkg/core/repository_mocks_simple.go:203.2,203.48 1 0
actionphase/pkg/core/repository_mocks_simple.go:213.68,219.2 1 1
actionphase/pkg/core/repository_mocks_simple.go:221.125,232.2 5 1
actionphase/pkg/core/repository_mocks_simple.go:234.101,235.47 1 0
actionphase/pkg/core/repository_mocks_simple.go:235.47,237.3 1 0
actionphase/pkg/core/repository_mocks_simple.go:238.2,238.54 1 0
actionphase/pkg/core/repository_mocks_simple.go:241.111,242.48 1 1
actionphase/pkg/core/repository_mocks_simple.go:242.48,244.3 1 1
actionphase/pkg/core/repository_mocks_simple.go:245.2,245.54 1 0
actionphase/pkg/core/repository_mocks_simple.go:248.90,249.47 1 0
actionphase/pkg/core/repository_mocks_simple.go:249.47,253.3 3 0
actionphase/pkg/core/repository_mocks_simple.go:254.2,254.40 1 0
actionphase/pkg/core/repository_mocks_simple.go:257.100,258.48 1 0
actionphase/pkg/core/repository_mocks_simple.go:258.48,262.3 3 0
actionphase/pkg/core/repository_mocks_simple.go:263.2,263.40 1 0
actionphase/pkg/core/repository_mocks_simple.go:266.114,268.37 2 0
actionphase/pkg/core/repository_mocks_simple.go:268.37,269.31 1 0
actionphase/pkg/core/repository_mocks_simple.go:269.31,271.4 1 0
actionphase/pkg/core/repository_mocks_simple.go:273.2,273.22 1 0
actionphase/pkg/core/repository_mocks_simple.go:282.84,287.2 1 1
actionphase/pkg/core/repository_mocks_simple.go:289.151,301.2 4 1
actionphase/pkg/core/repository_mocks_simple.go:303.139,305.2 1 0
actionphase/pkg/core/repository_mocks_simple.go:307.135,308.46 1 0
actionphase/pkg/core/repository_mocks_simple.go:308.46,309.81 1 0
actionphase/pkg/core/repository_mocks_simple.go:309.81,312.4 2 0
actionphase/pkg/core/repository_mocks_simple.go:314.2,314.44 1 0
actionphase/pkg/core/repository_mocks_simple.go:317.125,318.45 1 1
actionphase/pkg/core/repository_mocks_simple.go:318.45,319.115 1 1
actionphase/pkg/core/repository_mocks_simple.go:319.115,321.4 1 1
actionphase/pkg/core/repository_mocks_simple.go:323.2,323.19 1 0
actionphase/pkg/core/repository_mocks_simple.go:326.133,328.2 1 0
actionphase/pkg/core/repository_mocks_simple.go:330.139,331.45 1 0
actionphase/pkg/core/repository_mocks_simple.go:331.45,332.115 1 0
actionphase/pkg/core/repository_mocks_simple.go:332.115,334.4 1 0
actionphase/pkg/core/repository_mocks_simple.go:336.2,336.48 1 0
actionphase/pkg/core/repository_mocks_simple.go:339.161,340.46 1 0
actionphase/pkg/core/repository_mocks_simple.go:340.46,341.81 1 0
actionphase/pkg/core/repository_mocks_simple.go:341.81,345.4 3 0
actionphase/pkg/core/repository_mocks_simple.go:347.2,347.66 1 0
actionphase/pkg/core/repository_mocks_simple.go:350.121,352.45 2 0
actionphase/pkg/core/repository_mocks_simple.go:352.45,353.101 1 0
actionphase/pkg/core/repository_mocks_simple.go:353.101,355.4 1 0
actionphase/pkg/core/repository_mocks_simple.go:357.2,357.19 1 0
actionphase/pkg/core/repository_mocks_simple.go:361.51,368.2 1 1
actionphase/pkg/core/test_best_practices_example.go:12.40,46.31 3 0
actionphase/pkg/core/test_best_practices_example.go:46.31,48.37 2 0
actionphase/pkg/core/test_best_practices_example.go:48.37,57.32 5 0
actionphase/pkg/core/test_best_practices_example.go:57.32,60.5 1 0
actionphase/pkg/core/test_best_practices_example.go:63.4,63.32 1 0
actionphase/pkg/core/test_best_practices_example.go:63.32,66.5 2 0
actionphase/pkg/core/test_best_practices_example.go:75.41,78.42 2 0
actionphase/pkg/core/test_best_practices_example.go:78.42,89.3 6 0
actionphase/pkg/core/test_best_practices_example.go:91.2,91.52 1 0
actionphase/pkg/core/test_best_practices_example.go:91.52,102.3 6 0
actionphase/pkg/core/test_best_practices_example.go:106.87,117.2 4 0
actionphase/pkg/core/test_best_practices_example.go:120.63,122.33 1 0
actionphase/pkg/core/test_best_practices_example.go:122.33,124.3 1 0
actionphase/pkg/core/test_best_practices_example.go:125.2,125.36 1 0
actionphase/pkg/core/test_best_practices_example.go:125.36,127.3 1 0
actionphase/pkg/core/test_best_practices_example.go:128.2,128.12 1 0
actionphase/pkg/core/test_best_practices_example.go:136.46,138.2 1 0
actionphase/pkg/core/test_best_practices_example.go:144.40,146.2 1 0
actionphase/pkg/core/test_best_practices_example.go:149.42,156.27 5 0
actionphase/pkg/core/test_best_practices_example.go:156.27,161.3 3 0
actionphase/pkg/core/test_best_practices_example.go:165.44,168.27 2 0
actionphase/pkg/core/test_best_practices_example.go:168.27,170.3 1 0
actionphase/pkg/core/test_best_practices_example.go:172.2,175.26 3 0
actionphase/pkg/core/test_best_practices_example.go:175.26,177.3 1 0
actionphase/pkg/core/test_factories.go:22.80,28.2 1 0
actionphase/pkg/core/test_factories.go:40.50,49.2 2 0
actionphase/pkg/core/test_factories.go:51.66,54.2 2 0
actionphase/pkg/core/test_factories.go:56.60,59.2 2 0
actionphase/pkg/core/test_factories.go:61.66,64.2 2 0
actionphase/pkg/core/test_factories.go:66.46,69.2 2 0
actionphase/pkg/core/test_factories.go:72.40,75.16 2 0
actionphase/pkg/core/test_factories.go:75.16,77.3 1 0
actionphase/pkg/core/test_factories.go:79.2,87.16 4 0
actionphase/pkg/core/test_factories.go:87.16,89.3 1 0
actionphase/pkg/core/test_factories.go:91.2,91.13 1 0
actionphase/pkg/core/test_factories.go:95.36,102.2 2 0
actionphase/pkg/core/test_factories.go:120.50,132.2 2 0
actionphase/pkg/core/test_factories.go:134.60,137.2 2 0
actionphase/pkg/core/test_factories.go:139.72,142.2 2 0
actionphase/pkg/core/test_factories.go:144.59,147.2 2 0
actionphase/pkg/core/test_factories.go:149.60,152.2 2 0
actionphase/pkg/core/test_factories.go:154.60,157.2 2 0
actionphase/pkg/core/test_factories.go:159.69,162.2 2 0
actionphase/pkg/core/test_factories.go:164.48,167.2 2 0
actionphase/pkg/core/test_factories.go:169.71,172.2 2 0
actionphase/pkg/core/test_factories.go:174.67,177.2 2 0
actionphase/pkg/core/test_factories.go:179.80,182.2 2 0
actionphase/pkg/core/test_factories.go:185.40,195.24 2 0
actionphase/pkg/core/test_factories.go:195.24,197.3 1 0
actionphase/pkg/core/test_factories.go:199.2,199.22 1 0
actionphase/pkg/core/test_factories.go:199.22,201.3 1 0
actionphase/pkg/core/test_factories.go:203.2,203.34 1 0
actionphase/pkg/core/test_factories.go:203.34,205.3 1 0
actionphase/pkg/core/test_factories.go:207.2,209.16 3 0
actionphase/pkg/core/test_factories.go:209.16,211.3 1 0
actionphase/pkg/core/test_factories.go:214.2,214.24 1 0
actionphase/pkg/core/test_factories.go:214.24,220.17 3 0
actionphase/pkg/core/test_factories.go:220.17,222.4 1 0
actionphase/pkg/core/test_factories.go:225.2,225.13 1 0
actionphase/pkg/core/test_factories.go:237.56,244.2 2 0
actionphase/pkg/core/test_factories.go:246.67,249.2 2 0
actionphase/pkg/core/test_factories.go:251.64,254.2 2 0
actionphase/pkg/core/test_factories.go:256.72,259.2 2 0
actionphase/pkg/core/test_factories.go:261.77,265.2 3 0
actionphase/pkg/core/test_factories.go:268.46,274.22 2 0
actionphase/pkg/core/test_factories.go:274.22,276.3 1 0
actionphase/pkg/core/test_factories.go:276.8,279.3 1 0
actionphase/pkg/core/test_factories.go:281.2,283.16 3 0
actionphase/pkg/core/test_factories.go:283.16,285.3 1 0
actionphase/pkg/core/test_factories.go:287.2,287.16 1 0
actionphase/pkg/core/test_factories.go:300.72,308.2 1 0
actionphase/pkg/core/test_factories.go:310.80,313.2 2 0
actionphase/pkg/core/test_factories.go:315.81,318.2 2 0
actionphase/pkg/core/test_factories.go:320.80,323.2 2 0
actionphase/pkg/core/test_factories.go:325.84,328.2 2 0
actionphase/pkg/core/test_factories.go:330.65,333.2 2 0
actionphase/pkg/core/test_factories.go:335.69,338.2 2 0
actionphase/pkg/core/test_factories.go:340.71,343.2 2 0
actionphase/pkg/core/test_factories.go:346.62,355.16 4 0
actionphase/pkg/core/test_factories.go:355.16,357.3 1 0
actionphase/pkg/core/test_factories.go:360.2,360.26 1 0
actionphase/pkg/core/test_factories.go:360.26,367.17 3 0
actionphase/pkg/core/test_factories.go:367.17,369.4 1 0
actionphase/pkg/core/test_factories.go:372.2,372.20 1 0
actionphase/pkg/core/test_factories.go:378.67,382.2 3 0
actionphase/pkg/core/test_factories.go:385.118,394.39 5 0
actionphase/pkg/core/test_factories.go:394.39,408.3 4 0
actionphase/pkg/core/test_factories.go:410.2,410.34 1 0
actionphase/pkg/core/test_factories.go:414.75,422.2 3 0
actionphase/pkg/core/test_factories.go:425.46,429.2 3 0
actionphase/pkg/core/test_factories.go:432.43,434.2 1 0
actionphase/pkg/core/test_factories.go:439.67,442.29 2 0
actionphase/pkg/core/test_factories.go:442.29,447.3 1 0
actionphase/pkg/core/test_factories.go:449.2,449.14 1 0
actionphase/pkg/core/test_factories.go:453.83,456.29 2 0
actionphase/pkg/core/test_factories.go:456.29,461.3 1 0
actionphase/pkg/core/test_factories.go:463.2,463.14 1 0
actionphase/pkg/core/test_utils.go:36.56,38.42 1 1
actionphase/pkg/core/test_utils.go:38.42,40.35 2 0
actionphase/pkg/core/test_utils.go:40.35,42.4 1 0
actionphase/pkg/core/test_utils.go:43.3,43.13 1 0
actionphase/pkg/core/test_utils.go:46.2,47.28 2 1
actionphase/pkg/core/test_utils.go:47.28,49.3 1 1
actionphase/pkg/core/test_utils.go:52.2,52.55 1 1
actionphase/pkg/core/test_utils.go:52.55,54.3 1 0
actionphase/pkg/core/test_utils.go:56.2,57.16 2 1
actionphase/pkg/core/test_utils.go:57.16,65.35 6 0
actionphase/pkg/core/test_utils.go:65.35,67.4 1 0
actionphase/pkg/core/test_utils.go:68.3,68.13 1 0
actionphase/pkg/core/test_utils.go:72.2,72.56 1 1
actionphase/pkg/core/test_utils.go:72.56,75.35 3 1
actionphase/pkg/core/test_utils.go:75.35,77.4 1 1
actionphase/pkg/core/test_utils.go:78.3,78.13 1 0
actionphase/pkg/core/test_utils.go:81.2,81.34 1 0
actionphase/pkg/core/test_utils.go:85.33,86.20 1 0
actionphase/pkg/core/test_utils.go:86.20,88.3 1 0
actionphase/pkg/core/test_utils.go:94.77,98.22 2 0
actionphase/pkg/core/test_utils.go:98.22,100.3 1 0
actionphase/pkg/core/test_utils.go:103.2,104.16 2 0
actionphase/pkg/core/test_utils.go:104.16,107.3 2 0
actionphase/pkg/core/test_utils.go:108.2,108.15 1 0
actionphase/pkg/core/test_utils.go:108.15,109.42 1 0
actionphase/pkg/core/test_utils.go:109.42,111.4 1 0
actionphase/pkg/core/test_utils.go:114.2,114.31 1 0
actionphase/pkg/core/test_utils.go:114.31,116.17 2 0
actionphase/pkg/core/test_utils.go:116.17,119.4 2 0
actionphase/pkg/core/test_utils.go:122.2,122.39 1 0
actionphase/pkg/core/test_utils.go:122.39,124.3 1 0
actionphase/pkg/core/test_utils.go:128.49,130.2 1 0
actionphase/pkg/core/test_utils.go:133.46,135.2 1 0
actionphase/pkg/core/test_utils.go:138.90,158.16 8 0
actionphase/pkg/core/test_utils.go:158.16,160.3 1 0
actionphase/pkg/core/test_utils.go:162.2,167.3 1 0
actionphase/pkg/core/test_utils.go:171.103,183.16 4 0
actionphase/pkg/core/test_utils.go:183.16,185.3 1 0
actionphase/pkg/core/test_utils.go:187.2,187.14 1 0
actionphase/pkg/core/test_utils.go:197.73,208.2 3 0
actionphase/pkg/core/test_utils.go:211.61,213.16 2 0
actionphase/pkg/core/test_utils.go:213.16,215.3 1 0
actionphase/pkg/core/test_utils.go:219.59,221.16 2 0
actionphase/pkg/core/test_utils.go:221.16,223.3 1 0
actionphase/pkg/core/test_utils.go:227.82,229.24 2 0
actionphase/pkg/core/test_utils.go:229.24,231.3 1 0
actionphase/pkg/core/test_utils.go:235.88,237.27 2 0
actionphase/pkg/core/test_utils.go:237.27,239.3 1 0
actionphase/pkg/core/test_utils.go:243.38,245.2 1 0
actionphase/pkg/core/test_utils.go:248.34,250.2 1 0
actionphase/pkg/core/test_utils.go:253.31,255.2 1 0
actionphase/pkg/core/test_utils.go:258.28,260.2 1 0
actionphase/pkg/core/test_utils.go:263.34,265.2 1 0
actionphase/pkg/core/test_utils.go:270.51,272.2 1 0
actionphase/pkg/core/test_utils.go:275.63,277.16 2 0
actionphase/pkg/core/test_utils.go:277.16,279.3 1 0
actionphase/pkg/core/test_utils.go:283.85,285.16 2 0
actionphase/pkg/core/test_utils.go:285.16,288.3 2 0
actionphase/pkg/core/test_utils.go:289.2,289.47 1 0
actionphase/pkg/core/test_utils.go:289.47,291.3 1 0
actionphase/pkg/core/test_utils.go:295.90,297.24 2 0
actionphase/pkg/core/test_utils.go:297.24,300.3 1 0
actionphase/pkg/core/test_utils.go:312.35,319.2 1 0
actionphase/pkg/core/test_utils.go:322.55,323.42 1 0
actionphase/pkg/core/test_utils.go:323.42,325.3 1 0
actionphase/pkg/core/test_utils.go:326.2,326.21 1 0
actionphase/pkg/core/test_utils.go:330.62,331.42 1 0
actionphase/pkg/core/test_utils.go:331.42,332.16 1 0
actionphase/pkg/core/test_utils.go:333.27,334.15 1 0
actionphase/pkg/core/test_utils.go:335.27,336.16 1 0
actionphase/pkg/core/test_utils.go:339.2,339.21 1 0
actionphase/pkg/core/test_utils.go:344.130,364.16 8 0
actionphase/pkg/core/test_utils.go:364.16,366.3 1 0
actionphase/pkg/core/test_utils.go:368.2,373.18 1 0
actionphase/pkg/core/users.go:39.37,41.16 2 0
actionphase/pkg/core/users.go:41.16,43.3 1 0
actionphase/pkg/core/users.go:44.2,45.12 2 0
actionphase/pkg/core/users.go:67.57,70.2 2 0
actionphase/pkg/core/users.go:80.33,83.16 3 0
actionphase/pkg/core/users.go:83.16,85.3 1 0
actionphase/pkg/core/users.go:86.2,86.12 1 0
actionphase/pkg/db/models/characters.sql.go:28.106,39.2 4 0
actionphase/pkg/db/models/characters.sql.go:55.102,75.2 4 0
actionphase/pkg/db/models/characters.sql.go:94.115,116.2 4 0
actionphase/pkg/db/models/characters.sql.go:122.72,125.2 2 0
actionphase/pkg/db/models/characters.sql.go:138.97,141.2 2 0
actionphase/pkg/db/models/characters.sql.go:153.101,156.2 2 0
actionphase/pkg/db/models/characters.sql.go:162.82,176.2 4 0
actionphase/pkg/db/models/characters.sql.go:184.102,186.16 2 0
actionphase/pkg/db/models/characters.sql.go:186.16,188.3 1 0
actionphase/pkg/db/models/characters.sql.go:189.2,191.18 3 0
actionphase/pkg/db/models/characters.sql.go:191.18,203.17 2 0
actionphase/pkg/db/models/characters.sql.go:203.17,205.4 1 0
actionphase/pkg/db/models/characters.sql.go:206.3,206.27 1 0
actionphase/pkg/db/models/characters.sql.go:208.2,208.35 1 0
actionphase/pkg/db/models/characters.sql.go:208.35,210.3 1 0
actionphase/pkg/db/models/characters.sql.go:211.2,211.19 1 0
actionphase/pkg/db/models/characters.sql.go:225.127,227.16 2 0
actionphase/pkg/db/models/characters.sql.go:227.16,229.3 1 0
actionphase/pkg/db/models/characters.sql.go:230.2,232.18 3 0
actionphase/pkg/db/models/characters.sql.go:232.18,244.17 2 0
actionphase/pkg/db/models/characters.sql.go:244.17,246.4 1 0
actionphase/pkg/db/models/characters.sql.go:247.3,247.27 1 0
actionphase/pkg/db/models/characters.sql.go:249.2,249.35 1 0
actionphase/pkg/db/models/characters.sql.go:249.35,251.3 1 0
actionphase/pkg/db/models/characters.sql.go:252.2,252.19 1 0
actionphase/pkg/db/models/characters.sql.go:275.108,277.16 2 0
actionphase/pkg/db/models/characters.sql.go:277.16,279.3 1 0
actionphase/pkg/db/models/characters.sql.go:280.2,282.18 3 0
actionphase/pkg/db/models/characters.sql.go:282.18,294.17 2 0
actionphase/pkg/db/models/characters.sql.go:294.17,296.4 1 0
actionphase/pkg/db/models/characters.sql.go:297.3,297.27 1 0
actionphase/pkg/db/models/characters.sql.go:299.2,299.35 1 0
actionphase/pkg/db/models/characters.sql.go:299.35,301.3 1 0
actionphase/pkg/db/models/characters.sql.go:302.2,302.19 1 0
actionphase/pkg/db/models/characters.sql.go:325.114,327.16 2 0
actionphase/pkg/db/models/characters.sql.go:327.16,329.3 1 0
actionphase/pkg/db/models/characters.sql.go:330.2,332.18 3 0
actionphase/pkg/db/models/characters.sql.go:332.18,344.17 2 0
actionphase/pkg/db/models/characters.sql.go:344.17,346.4 1 0
actionphase/pkg/db/models/characters.sql.go:347.3,347.27 1 0
actionphase/pkg/db/models/characters.sql.go:349.2,349.35 1 0
actionphase/pkg/db/models/characters.sql.go:349.35,351.3 1 0
actionphase/pkg/db/models/characters.sql.go:352.2,352.19 1 0
actionphase/pkg/db/models/characters.sql.go:359.99,370.2 4 0
actionphase/pkg/db/models/characters.sql.go:396.96,398.16 2 0
actionphase/pkg/db/models/characters.sql.go:398.16,400.3 1 0
actionphase/pkg/db/models/characters.sql.go:401.2,403.18 3 0
actionphase/pkg/db/models/characters.sql.go:403.18,417.17 2 0
actionphase/pkg/db/models/characters.sql.go:417.17,419.4 1 0
actionphase/pkg/db/models/characters.sql.go:420.3,420.27 1 0
actionphase/pkg/db/models/characters.sql.go:422.2,422.35 1 0
actionphase/pkg/db/models/characters.sql.go:422.35,424.3 1 0
actionphase/pkg/db/models/characters.sql.go:425.2,425.19 1 0
actionphase/pkg/db/models/characters.sql.go:448.120,450.16 2 0
actionphase/pkg/db/models/characters.sql.go:450.16,452.3 1 0
actionphase/pkg/db/models/characters.sql.go:453.2,455.18 3 0
actionphase/pkg/db/models/characters.sql.go:455.18,467.17 2 0
actionphase/pkg/db/models/characters.sql.go:467.17,469.4 1 0
actionphase/pkg/db/models/characters.sql.go:470.3,470.27 1 0
actionphase/pkg/db/models/characters.sql.go:472.2,472.35 1 0
actionphase/pkg/db/models/characters.sql.go:472.35,474.3 1 0
actionphase/pkg/db/models/characters.sql.go:475.2,475.19 1 0
actionphase/pkg/db/models/characters.sql.go:484.108,486.16 2 0
actionphase/pkg/db/models/characters.sql.go:486.16,488.3 1 0
actionphase/pkg/db/models/characters.sql.go:489.2,491.18 3 0
actionphase/pkg/db/models/characters.sql.go:491.18,503.17 2 0
actionphase/pkg/db/models/characters.sql.go:503.17,505.4 1 0
actionphase/pkg/db/models/characters.sql.go:506.3,506.27 1 0
actionphase/pkg/db/models/characters.sql.go:508.2,508.35 1 0
actionphase/pkg/db/models/characters.sql.go:508.35,510.3 1 0
actionphase/pkg/db/models/characters.sql.go:511.2,511.19 1 0
actionphase/pkg/db/models/characters.sql.go:535.100,537.16 2 0
actionphase/pkg/db/models/characters.sql.go:537.16,539.3 1 0
actionphase/pkg/db/models/characters.sql.go:540.2,542.18 3 0
actionphase/pkg/db/models/characters.sql.go:542.18,554.17 2 0
actionphase/pkg/db/models/characters.sql.go:554.17,556.4 1 0
actionphase/pkg/db/models/characters.sql.go:557.3,557.27 1 0
actionphase/pkg/db/models/characters.sql.go:559.2,559.35 1 0
actionphase/pkg/db/models/characters.sql.go:559.35,561.3 1 0
actionphase/pkg/db/models/characters.sql.go:562.2,562.19 1 0
actionphase/pkg/db/models/characters.sql.go:569.77,572.2 2 0
actionphase/pkg/db/models/characters.sql.go:587.102,601.2 4 0
actionphase/pkg/db/models/characters.sql.go:615.114,629.2 4 0
actionphase/pkg/db/models/communications.sql.go:27.138,39.2 4 0
actionphase/pkg/db/models/communications.sql.go:54.111,72.2 4 0
actionphase/pkg/db/models/communications.sql.go:88.93,109.2 4 0
actionphase/pkg/db/models/communications.sql.go:125.105,146.2 4 0
actionphase/pkg/db/models/communications.sql.go:152.69,155.2 2 0
actionphase/pkg/db/models/communications.sql.go:161.73,164.2 2 0
actionphase/pkg/db/models/communications.sql.go:170.88,183.2 4 0
actionphase/pkg/db/models/communications.sql.go:206.124,208.16 2 0
actionphase/pkg/db/models/communications.sql.go:208.16,210.3 1 0
actionphase/pkg/db/models/communications.sql.go:211.2,213.18 3 0
actionphase/pkg/db/models/communications.sql.go:213.18,225.17 2 0
actionphase/pkg/db/models/communications.sql.go:225.17,227.4 1 0
actionphase/pkg/db/models/communications.sql.go:228.3,228.27 1 0
actionphase/pkg/db/models/communications.sql.go:230.2,230.35 1 0
actionphase/pkg/db/models/communications.sql.go:230.35,232.3 1 0
actionphase/pkg/db/models/communications.sql.go:233.2,233.19 1 0
actionphase/pkg/db/models/communications.sql.go:256.132,258.16 2 0
actionphase/pkg/db/models/communications.sql.go:258.16,260.3 1 0
actionphase/pkg/db/models/communications.sql.go:261.2,263.18 3 0
actionphase/pkg/db/models/communications.sql.go:263.18,274.17 2 0
actionphase/pkg/db/models/communications.sql.go:274.17,276.4 1 0
actionphase/pkg/db/models/communications.sql.go:277.3,277.27 1 0
actionphase/pkg/db/models/communications.sql.go:279.2,279.35 1 0
actionphase/pkg/db/models/communications.sql.go:279.35,281.3 1 0
actionphase/pkg/db/models/communications.sql.go:282.2,282.19 1 0
actionphase/pkg/db/models/communications.sql.go:308.98,310.16 2 0
actionphase/pkg/db/models/communications.sql.go:310.16,312.3 1 0
actionphase/pkg/db/models/communications.sql.go:313.2,315.18 3 0
actionphase/pkg/db/models/communications.sql.go:315.18,329.17 2 0
actionphase/pkg/db/models/communications.sql.go:329.17,331.4 1 0
actionphase/pkg/db/models/communications.sql.go:332.3,332.27 1 0
actionphase/pkg/db/models/communications.sql.go:334.2,334.35 1 0
actionphase/pkg/db/models/communications.sql.go:334.35,336.3 1 0
actionphase/pkg/db/models/communications.sql.go:337.2,337.19 1 0
actionphase/pkg/db/models/communications.sql.go:363.107,365.16 2 0
actionphase/pkg/db/models/communications.sql.go:365.16,367.3 1 0
actionphase/pkg/db/models/communications.sql.go:368.2,370.18 3 0
actionphase/pkg/db/models/communications.sql.go:370.18,384.17 2 0
actionphase/pkg/db/models/communications.sql.go:384.17,386.4 1 0
actionphase/pkg/db/models/communications.sql.go:387.3,387.27 1 0
actionphase/pkg/db/models/communications.sql.go:389.2,389.35 1 0
actionphase/pkg/db/models/communications.sql.go:389.35,391.3 1 0
actionphase/pkg/db/models/communications.sql.go:392.2,392.19 1 0
actionphase/pkg/db/models/communications.sql.go:415.82,431.2 4 0
actionphase/pkg/db/models/communications.sql.go:455.90,472.2 4 0
actionphase/pkg/db/models/communications.sql.go:497.100,499.16 2 0
actionphase/pkg/db/models/communications.sql.go:499.16,501.3 1 0
actionphase/pkg/db/models/communications.sql.go:502.2,504.18 3 0
actionphase/pkg/db/models/communications.sql.go:504.18,518.17 2 0
actionphase/pkg/db/models/communications.sql.go:518.17,520.4 1 0
actionphase/pkg/db/models/communications.sql.go:521.3,521.27 1 0
actionphase/pkg/db/models/communications.sql.go:523.2,523.35 1 0
actionphase/pkg/db/models/communications.sql.go:523.35,525.3 1 0
actionphase/pkg/db/models/communications.sql.go:526.2,526.19 1 0
actionphase/pkg/db/models/communications.sql.go:543.110,548.2 4 0
actionphase/pkg/db/models/communications.sql.go:579.128,581.16 2 0
actionphase/pkg/db/models/communications.sql.go:581.16,583.3 1 0
actionphase/pkg/db/models/communications.sql.go:584.2,586.18 3 0
actionphase/pkg/db/models/communications.sql.go:586.18,599.17 2 0
actionphase/pkg/db/models/communications.sql.go:599.17,601.4 1 0
actionphase/pkg/db/models/communications.sql.go:602.3,602.27 1 0
actionphase/pkg/db/models/communications.sql.go:604.2,604.35 1 0
actionphase/pkg/db/models/communications.sql.go:604.35,606.3 1 0
actionphase/pkg/db/models/communications.sql.go:607.2,607.19 1 0
actionphase/pkg/db/models/communications.sql.go:622.107,627.2 4 0
actionphase/pkg/db/models/communications.sql.go:641.117,644.2 2 0
actionphase/pkg/db/models/communications.sql.go:659.113,677.2 4 0
actionphase/pkg/db/models/communications.sql.go:691.99,706.2 4 0
actionphase/pkg/db/models/communications.sql.go:714.83,717.2 2 0
actionphase/pkg/db/models/communications.sql.go:730.95,733.2 2 0
actionphase/pkg/db/models/communications.sql.go:748.93,763.2 4 0
actionphase/pkg/db/models/communications.sql.go:771.77,774.2 2 0
actionphase/pkg/db/models/communications.sql.go:788.105,803.2 4 0
actionphase/pkg/db/models/db.go:20.28,22.2 1 0
actionphase/pkg/db/models/db.go:28.46,32.2 1 0
actionphase/pkg/db/models/games.sql.go:26.114,38.2 4 0
actionphase/pkg/db/models/games.sql.go:64.99,69.2 4 0
actionphase/pkg/db/models/games.sql.go:92.87,121.2 4 0
actionphase/pkg/db/models/games.sql.go:127.67,130.2 2 0
actionphase/pkg/db/models/games.sql.go:157.78,159.16 2 0
actionphase/pkg/db/models/games.sql.go:159.16,161.3 1 0
actionphase/pkg/db/models/games.sql.go:162.2,164.18 3 0
actionphase/pkg/db/models/games.sql.go:164.18,181.17 2 0
actionphase/pkg/db/models/games.sql.go:181.17,183.4 1 0
actionphase/pkg/db/models/games.sql.go:184.3,184.27 1 0
actionphase/pkg/db/models/games.sql.go:186.2,186.35 1 0
actionphase/pkg/db/models/games.sql.go:186.35,188.3 1 0
actionphase/pkg/db/models/games.sql.go:189.2,189.19 1 0
actionphase/pkg/db/models/games.sql.go:196.72,215.2 4 0
actionphase/pkg/db/models/games.sql.go:222.93,227.2 4 0
actionphase/pkg/db/models/games.sql.go:248.108,250.16 2 0
actionphase/pkg/db/models/games.sql.go:250.16,252.3 1 0
actionphase/pkg/db/models/games.sql.go:253.2,255.18 3 0
actionphase/pkg/db/models/games.sql.go:255.18,266.17 2 0
actionphase/pkg/db/models/games.sql.go:266.17,268.4 1 0
actionphase/pkg/db/models/games.sql.go:269.3,269.27 1 0
actionphase/pkg/db/models/games.sql.go:271.2,271.35 1 0
actionphase/pkg/db/models/games.sql.go:271.35,273.3 1 0
actionphase/pkg/db/models/games.sql.go:274.2,274.19 1 0
actionphase/pkg/db/models/games.sql.go:311.100,332.2 4 0
actionphase/pkg/db/models/games.sql.go:338.85,340.16 2 0
actionphase/pkg/db/models/games.sql.go:340.16,342.3 1 0
actionphase/pkg/db/models/games.sql.go:343.2,345.18 3 0
actionphase/pkg/db/models/games.sql.go:345.18,361.17 2 0
actionphase/pkg/db/models/games.sql.go:361.17,363.4 1 0
actionphase/pkg/db/models/games.sql.go:364.3,364.27 1 0
actionphase/pkg/db/models/games.sql.go:366.2,366.35 1 0
actionphase/pkg/db/models/games.sql.go:366.35,368.3 1 0
actionphase/pkg/db/models/games.sql.go:369.2,369.19 1 0
actionphase/pkg/db/models/games.sql.go:399.98,401.16 2 0
actionphase/pkg/db/models/games.sql.go:401.16,403.3 1 0
actionphase/pkg/db/models/games.sql.go:404.2,406.18 3 0
actionphase/pkg/db/models/games.sql.go:406.18,424.17 2 0
actionphase/pkg/db/models/games.sql.go:424.17,426.4 1 0
actionphase/pkg/db/models/games.sql.go:427.3,427.27 1 0
actionphase/pkg/db/models/games.sql.go:429.2,429.35 1 0
actionphase/pkg/db/models/games.sql.go:429.35,431.3 1 0
actionphase/pkg/db/models/games.sql.go:432.2,432.19 1 0
actionphase/pkg/db/models/games.sql.go:441.83,443.16 2 0
actionphase/pkg/db/models/games.sql.go:443.16,445.3 1 0
actionphase/pkg/db/models/games.sql.go:446.2,448.18 3 0
actionphase/pkg/db/models/games.sql.go:448.18,464.17 2 0
actionphase/pkg/db/models/games.sql.go:464.17,466.4 1 0
actionphase/pkg/db/models/games.sql.go:467.3,467.27 1 0
actionphase/pkg/db/models/games.sql.go:469.2,469.35 1 0
actionphase/pkg/db/models/games.sql.go:469.35,471.3 1 0
actionphase/pkg/db/models/games.sql.go:472.2,472.19 1 0
actionphase/pkg/db/models/games.sql.go:485.105,490.2 4 0
actionphase/pkg/db/models/games.sql.go:527.92,529.16 2 0
actionphase/pkg/db/models/games.sql.go:529.16,531.3 1 0
actionphase/pkg/db/models/games.sql.go:532.2,534.18 3 0
actionphase/pkg/db/models/games.sql.go:534.18,552.17 2 0
actionphase/pkg/db/models/games.sql.go:552.17,554.4 1 0
actionphase/pkg/db/models/games.sql.go:555.3,555.27 1 0
actionphase/pkg/db/models/games.sql.go:557.2,557.35 1 0
actionphase/pkg/db/models/games.sql.go:557.35,559.3 1 0
actionphase/pkg/db/models/games.sql.go:560.2,560.19 1 0
actionphase/pkg/db/models/games.sql.go:575.91,580.2 4 0
actionphase/pkg/db/models/games.sql.go:592.101,595.2 2 0
actionphase/pkg/db/models/games.sql.go:618.87,647.2 4 0
actionphase/pkg/db/models/games.sql.go:695.120,724.2 4 0
actionphase/pkg/db/models/games.sql.go:738.97,757.2 4 0
actionphase/pkg/db/models/games.sql.go:772.124,784.2 4 0
actionphase/pkg/db/models/notifications.sql.go:30.111,54.2 4 0
actionphase/pkg/db/models/notifications.sql.go:66.95,69.2 2 0
actionphase/pkg/db/models/notifications.sql.go:76.69,79.2 2 0
actionphase/pkg/db/models/notifications.sql.go:110.128,112.16 2 0
actionphase/pkg/db/models/notifications.sql.go:112.16,114.3 1 0
actionphase/pkg/db/models/notifications.sql.go:115.2,117.18 3 0
actionphase/pkg/db/models/notifications.sql.go:117.18,131.17 2 0
actionphase/pkg/db/models/notifications.sql.go:131.17,133.4 1 0
actionphase/pkg/db/models/notifications.sql.go:134.3,134.27 1 0
actionphase/pkg/db/models/notifications.sql.go:136.2,136.35 1 0
actionphase/pkg/db/models/notifications.sql.go:136.35,138.3 1 0
actionphase/pkg/db/models/notifications.sql.go:139.2,139.19 1 0
actionphase/pkg/db/models/notifications.sql.go:147.96,152.2 4 0
actionphase/pkg/db/models/notifications.sql.go:176.114,178.16 2 0
actionphase/pkg/db/models/notifications.sql.go:178.16,180.3 1 0
actionphase/pkg/db/models/notifications.sql.go:181.2,183.18 3 0
actionphase/pkg/db/models/notifications.sql.go:183.18,197.17 2 0
actionphase/pkg/db/models/notifications.sql.go:197.17,199.4 1 0
actionphase/pkg/db/models/notifications.sql.go:200.3,200.27 1 0
actionphase/pkg/db/models/notifications.sql.go:202.2,202.35 1 0
actionphase/pkg/db/models/notifications.sql.go:202.35,204.3 1 0
actionphase/pkg/db/models/notifications.sql.go:205.2,205.19 1 0
actionphase/pkg/db/models/notifications.sql.go:237.128,239.16 2 0
actionphase/pkg/db/models/notifications.sql.go:239.16,241.3 1 0
actionphase/pkg/db/models/notifications.sql.go:242.2,244.18 3 0
actionphase/pkg/db/models/notifications.sql.go:244.18,258.17 2 0
actionphase/pkg/db/models/notifications.sql.go:258.17,260.4 1 0
actionphase/pkg/db/models/notifications.sql.go:261.3,261.27 1 0
actionphase/pkg/db/models/notifications.sql.go:263.2,263.35 1 0
actionphase/pkg/db/models/notifications.sql.go:263.35,265.3 1 0
actionphase/pkg/db/models/notifications.sql.go:266.2,266.19 1 0
actionphase/pkg/db/models/notifications.sql.go:275.85,278.2 2 0
actionphase/pkg/db/models/notifications.sql.go:291.109,294.2 2 0
actionphase/pkg/db/models/notifications.sql.go:308.115,324.2 4 0
actionphase/pkg/db/models/notifications.sql.go:343.101,354.2 2 0
actionphase/pkg/db/models/notifications.sql.go:373.75,384.2 2 0
actionphase/pkg/db/models/notifications.sql.go:404.103,415.2 2 0
actionphase/pkg/db/models/phases.sql.go:21.83,36.2 4 0
actionphase/pkg/db/models/phases.sql.go:53.102,75.2 4 0
actionphase/pkg/db/models/phases.sql.go:83.84,86.2 2 0
actionphase/pkg/db/models/phases.sql.go:95.85,110.2 4 0
actionphase/pkg/db/models/phases.sql.go:123.83,126.2 2 0
actionphase/pkg/db/models/phases.sql.go:133.88,148.2 4 0
actionphase/pkg/db/models/phases.sql.go:175.98,177.16 2 0
actionphase/pkg/db/models/phases.sql.go:177.16,179.3 1 0
actionphase/pkg/db/models/phases.sql.go:180.2,182.18 3 0
actionphase/pkg/db/models/phases.sql.go:182.18,197.17 2 0
actionphase/pkg/db/models/phases.sql.go:197.17,199.4 1 0
actionphase/pkg/db/models/phases.sql.go:200.3,200.27 1 0
actionphase/pkg/db/models/phases.sql.go:202.2,202.35 1 0
actionphase/pkg/db/models/phases.sql.go:202.35,204.3 1 0
actionphase/pkg/db/models/phases.sql.go:205.2,205.19 1 0
actionphase/pkg/db/models/phases.sql.go:214.89,216.16 2 0
actionphase/pkg/db/models/phases.sql.go:216.16,218.3 1 0
actionphase/pkg/db/models/phases.sql.go:219.2,221.18 3 0
actionphase/pkg/db/models/phases.sql.go:221.18,233.17 2 0
actionphase/pkg/db/models/phases.sql.go:233.17,235.4 1 0
actionphase/pkg/db/models/phases.sql.go:236.3,236.27 1 0
actionphase/pkg/db/models/phases.sql.go:238.2,238.35 1 0
actionphase/pkg/db/models/phases.sql.go:238.35,240.3 1 0
actionphase/pkg/db/models/phases.sql.go:241.2,241.19 1 0
actionphase/pkg/db/models/phases.sql.go:268.98,270.16 2 0
actionphase/pkg/db/models/phases.sql.go:270.16,272.3 1 0
actionphase/pkg/db/models/phases.sql.go:273.2,275.18 3 0
actionphase/pkg/db/models/phases.sql.go:275.18,289.17 2 0
actionphase/pkg/db/models/phases.sql.go:289.17,291.4 1 0
actionphase/pkg/db/models/phases.sql.go:292.3,292.27 1 0
actionphase/pkg/db/models/phases.sql.go:294.2,294.35 1 0
actionphase/pkg/db/models/phases.sql.go:294.35,296.3 1 0
actionphase/pkg/db/models/phases.sql.go:297.2,297.19 1 0
actionphase/pkg/db/models/phases.sql.go:306.96,311.2 4 0
actionphase/pkg/db/models/phases.sql.go:317.78,332.2 4 0
actionphase/pkg/db/models/phases.sql.go:356.101,358.16 2 0
actionphase/pkg/db/models/phases.sql.go:358.16,360.3 1 0
actionphase/pkg/db/models/phases.sql.go:361.2,363.18 3 0
actionphase/pkg/db/models/phases.sql.go:363.18,376.17 2 0
actionphase/pkg/db/models/phases.sql.go:376.17,378.4 1 0
actionphase/pkg/db/models/phases.sql.go:379.3,379.27 1 0
actionphase/pkg/db/models/phases.sql.go:381.2,381.35 1 0
actionphase/pkg/db/models/phases.sql.go:381.35,383.3 1 0
actionphase/pkg/db/models/phases.sql.go:384.2,384.19 1 0
actionphase/pkg/db/models/phases.sql.go:408.101,410.16 2 0
actionphase/pkg/db/models/phases.sql.go:410.16,412.3 1 0
actionphase/pkg/db/models/phases.sql.go:413.2,415.18 3 0
actionphase/pkg/db/models/phases.sql.go:415.18,427.17 2 0
actionphase/pkg/db/models/phases.sql.go:427.17,429.4 1 0
actionphase/pkg/db/models/phases.sql.go:430.3,430.27 1 0
actionphase/pkg/db/models/phases.sql.go:432.2,432.35 1 0
actionphase/pkg/db/models/phases.sql.go:432.35,434.3 1 0
actionphase/pkg/db/models/phases.sql.go:435.2,435.19 1 0
actionphase/pkg/db/models/phases.sql.go:449.105,463.2 4 0
actionphase/pkg/db/models/phases.sql.go:491.110,493.16 2 0
actionphase/pkg/db/models/phases.sql.go:493.16,495.3 1 0
actionphase/pkg/db/models/phases.sql.go:496.2,498.18 3 0
actionphase/pkg/db/models/phases.sql.go:498.18,511.17 2 0
actionphase/pkg/db/models/phases.sql.go:511.17,513.4 1 0
actionphase/pkg/db/models/phases.sql.go:514.3,514.27 1 0
actionphase/pkg/db/models/phases.sql.go:516.2,516.35 1 0
actionphase/pkg/db/models/phases.sql.go:516.35,518.3 1 0
actionphase/pkg/db/models/phases.sql.go:519.2,519.19 1 0
actionphase/pkg/db/models/phases.sql.go:549.110,551.16 2 0
actionphase/pkg/db/models/phases.sql.go:551.16,553.3 1 0
actionphase/pkg/db/models/phases.sql.go:554.2,556.18 3 0
actionphase/pkg/db/models/phases.sql.go:556.18,569.17 2 0
actionphase/pkg/db/models/phases.sql.go:569.17,571.4 1 0
actionphase/pkg/db/models/phases.sql.go:572.3,572.27 1 0
actionphase/pkg/db/models/phases.sql.go:574.2,574.35 1 0
actionphase/pkg/db/models/phases.sql.go:574.35,576.3 1 0
actionphase/pkg/db/models/phases.sql.go:577.2,577.19 1 0
actionphase/pkg/db/models/phases.sql.go:594.107,613.2 4 0
actionphase/pkg/db/models/phases.sql.go:631.103,651.2 4 0
actionphase/pkg/db/models/phases.sql.go:665.110,680.2 4 0
actionphase/pkg/db/models/sessions.sql.go:29.96,39.2 4 0
actionphase/pkg/db/models/sessions.sql.go:46.70,49.2 2 0
actionphase/pkg/db/models/sessions.sql.go:56.80,59.2 2 0
actionphase/pkg/db/models/sessions.sql.go:66.78,76.2 4 0
actionphase/pkg/db/models/sessions.sql.go:83.88,93.2 4 0
actionphase/pkg/db/models/sessions.sql.go:100.91,102.16 2 0
actionphase/pkg/db/models/sessions.sql.go:102.16,104.3 1 0
actionphase/pkg/db/models/sessions.sql.go:105.2,107.18 3 0
actionphase/pkg/db/models/sessions.sql.go:107.18,114.17 2 0
actionphase/pkg/db/models/sessions.sql.go:114.17,116.4 1 0
actionphase/pkg/db/models/sessions.sql.go:117.3,117.27 1 0
actionphase/pkg/db/models/sessions.sql.go:119.2,119.35 1 0
actionphase/pkg/db/models/sessions.sql.go:119.35,121.3 1 0
actionphase/pkg/db/models/sessions.sql.go:122.2,122.19 1 0
actionphase/pkg/db/models/users.sql.go:27.87,44.2 4 0
actionphase/pkg/db/models/users.sql.go:51.67,54.2 2 0
actionphase/pkg/db/models/users.sql.go:61.72,78.2 4 0
actionphase/pkg/db/models/users.sql.go:85.89,102.2 4 0
actionphase/pkg/db/models/users.sql.go:109.66,111.16 2 0
actionphase/pkg/db/models/users.sql.go:111.16,113.3 1 0
actionphase/pkg/db/models/users.sql.go:114.2,116.18 3 0
actionphase/pkg/db/models/users.sql.go:116.18,130.17 2 0
actionphase/pkg/db/models/users.sql.go:130.17,132.4 1 0
actionphase/pkg/db/models/users.sql.go:133.3,133.27 1 0
actionphase/pkg/db/models/users.sql.go:135.2,135.35 1 0
actionphase/pkg/db/models/users.sql.go:135.35,137.3 1 0
actionphase/pkg/db/models/users.sql.go:138.2,138.19 1 0
actionphase/pkg/db/models/users.sql.go:156.79,164.2 2 0
actionphase/pkg/auth/api.go:13.49,14.19 1 0
actionphase/pkg/auth/api.go:14.19,16.3 1 0
actionphase/pkg/auth/api.go:17.2,17.12 1 0
actionphase/pkg/auth/api.go:29.74,31.2 1 0
actionphase/pkg/auth/jwt.go:18.13,22.2 1 1
actionphase/pkg/auth/jwt.go:38.45,41.2 2 0
actionphase/pkg/auth/jwt.go:43.56,54.2 1 0
actionphase/pkg/auth/jwt.go:63.67,73.16 6 0
actionphase/pkg/auth/jwt.go:73.16,75.3 1 0
actionphase/pkg/auth/jwt.go:76.2,76.25 1 0
actionphase/pkg/auth/jwt.go:79.60,80.83 1 0
actionphase/pkg/auth/jwt.go:80.83,82.3 1 0
actionphase/pkg/auth/jwt.go:84.2,84.16 1 0
actionphase/pkg/auth/jwt.go:84.16,86.3 1 0
actionphase/pkg/auth/jwt.go:88.2,88.18 1 0
actionphase/pkg/auth/jwt.go:88.18,90.3 1 0
actionphase/pkg/auth/jwt.go:91.2,93.16 3 0
actionphase/pkg/auth/jwt.go:93.16,95.3 1 0
actionphase/pkg/auth/jwt.go:97.2,97.12 1 0
actionphase/pkg/auth/jwt.go:100.86,101.83 1 0
actionphase/pkg/auth/jwt.go:101.83,103.3 1 0
actionphase/pkg/auth/jwt.go:105.2,105.16 1 0
actionphase/pkg/auth/jwt.go:105.16,107.3 1 0
actionphase/pkg/auth/jwt.go:109.2,110.9 2 0
actionphase/pkg/auth/jwt.go:110.9,112.3 1 0
actionphase/pkg/auth/jwt.go:114.2,114.20 1 0
actionphase/pkg/auth/login.go:10.67,12.45 2 0
actionphase/pkg/auth/login.go:12.45,15.3 2 0
actionphase/pkg/auth/login.go:16.2,18.16 3 0
actionphase/pkg/auth/login.go:18.16,22.3 3 0
actionphase/pkg/auth/login.go:23.2,23.49 1 0
actionphase/pkg/auth/login.go:23.49,27.3 3 0
actionphase/pkg/auth/login.go:28.2,30.16 3 0
actionphase/pkg/auth/login.go:30.16,33.3 2 0
actionphase/pkg/auth/login.go:34.2,36.46 3 0
actionphase/pkg/auth/login.go:43.36,45.2 1 0
actionphase/pkg/auth/login.go:47.47,50.2 2 0
actionphase/pkg/auth/refresh_token.go:12.69,14.48 2 0
actionphase/pkg/auth/refresh_token.go:14.48,17.3 2 0
actionphase/pkg/auth/refresh_token.go:18.2,21.16 4 0
actionphase/pkg/auth/refresh_token.go:21.16,25.3 3 0
actionphase/pkg/auth/refresh_token.go:26.2,28.16 3 0
actionphase/pkg/auth/refresh_token.go:28.16,31.3 2 0
actionphase/pkg/auth/refresh_token.go:32.2,34.54 3 0
actionphase/pkg/auth/refresh_token.go:37.49,40.2 2 0
actionphase/pkg/auth/registration.go:10.70,12.45 2 0
actionphase/pkg/auth/registration.go:12.45,15.3 2 0
actionphase/pkg/auth/registration.go:17.2,17.45 1 0
actionphase/pkg/auth/registration.go:17.45,20.3 2 0
actionphase/pkg/auth/registration.go:22.2,25.16 4 0
actionphase/pkg/auth/registration.go:25.16,28.3 2 0
actionphase/pkg/auth/registration.go:30.2,33.16 4 0
actionphase/pkg/auth/registration.go:33.16,36.3 2 0
actionphase/pkg/auth/registration.go:37.2,38.65 2 0
actionphase/pkg/auth/registration.go:41.71,44.2 2 0
actionphase/pkg/db/models/characters.sql.go:28.106,39.2 4 0
actionphase/pkg/db/models/characters.sql.go:55.102,75.2 4 0
actionphase/pkg/db/models/characters.sql.go:94.115,116.2 4 0
actionphase/pkg/db/models/characters.sql.go:122.72,125.2 2 0
actionphase/pkg/db/models/characters.sql.go:138.97,141.2 2 0
actionphase/pkg/db/models/characters.sql.go:153.101,156.2 2 0
actionphase/pkg/db/models/characters.sql.go:162.82,176.2 4 0
actionphase/pkg/db/models/characters.sql.go:184.102,186.16 2 0
actionphase/pkg/db/models/characters.sql.go:186.16,188.3 1 0
actionphase/pkg/db/models/characters.sql.go:189.2,191.18 3 0
actionphase/pkg/db/models/characters.sql.go:191.18,203.17 2 0
actionphase/pkg/db/models/characters.sql.go:203.17,205.4 1 0
actionphase/pkg/db/models/characters.sql.go:206.3,206.27 1 0
actionphase/pkg/db/models/characters.sql.go:208.2,208.35 1 0
actionphase/pkg/db/models/characters.sql.go:208.35,210.3 1 0
actionphase/pkg/db/models/characters.sql.go:211.2,211.19 1 0
actionphase/pkg/db/models/characters.sql.go:225.127,227.16 2 0
actionphase/pkg/db/models/characters.sql.go:227.16,229.3 1 0
actionphase/pkg/db/models/characters.sql.go:230.2,232.18 3 0
actionphase/pkg/db/models/characters.sql.go:232.18,244.17 2 0
actionphase/pkg/db/models/characters.sql.go:244.17,246.4 1 0
actionphase/pkg/db/models/characters.sql.go:247.3,247.27 1 0
actionphase/pkg/db/models/characters.sql.go:249.2,249.35 1 0
actionphase/pkg/db/models/characters.sql.go:249.35,251.3 1 0
actionphase/pkg/db/models/characters.sql.go:252.2,252.19 1 0
actionphase/pkg/db/models/characters.sql.go:275.108,277.16 2 0
actionphase/pkg/db/models/characters.sql.go:277.16,279.3 1 0
actionphase/pkg/db/models/characters.sql.go:280.2,282.18 3 0
actionphase/pkg/db/models/characters.sql.go:282.18,294.17 2 0
actionphase/pkg/db/models/characters.sql.go:294.17,296.4 1 0
actionphase/pkg/db/models/characters.sql.go:297.3,297.27 1 0
actionphase/pkg/db/models/characters.sql.go:299.2,299.35 1 0
actionphase/pkg/db/models/characters.sql.go:299.35,301.3 1 0
actionphase/pkg/db/models/characters.sql.go:302.2,302.19 1 0
actionphase/pkg/db/models/characters.sql.go:325.114,327.16 2 0
actionphase/pkg/db/models/characters.sql.go:327.16,329.3 1 0
actionphase/pkg/db/models/characters.sql.go:330.2,332.18 3 0
actionphase/pkg/db/models/characters.sql.go:332.18,344.17 2 0
actionphase/pkg/db/models/characters.sql.go:344.17,346.4 1 0
actionphase/pkg/db/models/characters.sql.go:347.3,347.27 1 0
actionphase/pkg/db/models/characters.sql.go:349.2,349.35 1 0
actionphase/pkg/db/models/characters.sql.go:349.35,351.3 1 0
actionphase/pkg/db/models/characters.sql.go:352.2,352.19 1 0
actionphase/pkg/db/models/characters.sql.go:359.99,370.2 4 0
actionphase/pkg/db/models/characters.sql.go:396.96,398.16 2 0
actionphase/pkg/db/models/characters.sql.go:398.16,400.3 1 0
actionphase/pkg/db/models/characters.sql.go:401.2,403.18 3 0
actionphase/pkg/db/models/characters.sql.go:403.18,417.17 2 0
actionphase/pkg/db/models/characters.sql.go:417.17,419.4 1 0
actionphase/pkg/db/models/characters.sql.go:420.3,420.27 1 0
actionphase/pkg/db/models/characters.sql.go:422.2,422.35 1 0
actionphase/pkg/db/models/characters.sql.go:422.35,424.3 1 0
actionphase/pkg/db/models/characters.sql.go:425.2,425.19 1 0
actionphase/pkg/db/models/characters.sql.go:448.120,450.16 2 0
actionphase/pkg/db/models/characters.sql.go:450.16,452.3 1 0
actionphase/pkg/db/models/characters.sql.go:453.2,455.18 3 0
actionphase/pkg/db/models/characters.sql.go:455.18,467.17 2 0
actionphase/pkg/db/models/characters.sql.go:467.17,469.4 1 0
actionphase/pkg/db/models/characters.sql.go:470.3,470.27 1 0
actionphase/pkg/db/models/characters.sql.go:472.2,472.35 1 0
actionphase/pkg/db/models/characters.sql.go:472.35,474.3 1 0
actionphase/pkg/db/models/characters.sql.go:475.2,475.19 1 0
actionphase/pkg/db/models/characters.sql.go:484.108,486.16 2 0
actionphase/pkg/db/models/characters.sql.go:486.16,488.3 1 0
actionphase/pkg/db/models/characters.sql.go:489.2,491.18 3 0
actionphase/pkg/db/models/characters.sql.go:491.18,503.17 2 0
actionphase/pkg/db/models/characters.sql.go:503.17,505.4 1 0
actionphase/pkg/db/models/characters.sql.go:506.3,506.27 1 0
actionphase/pkg/db/models/characters.sql.go:508.2,508.35 1 0
actionphase/pkg/db/models/characters.sql.go:508.35,510.3 1 0
actionphase/pkg/db/models/characters.sql.go:511.2,511.19 1 0
actionphase/pkg/db/models/characters.sql.go:535.100,537.16 2 0
actionphase/pkg/db/models/characters.sql.go:537.16,539.3 1 0
actionphase/pkg/db/models/characters.sql.go:540.2,542.18 3 0
actionphase/pkg/db/models/characters.sql.go:542.18,554.17 2 0
actionphase/pkg/db/models/characters.sql.go:554.17,556.4 1 0
actionphase/pkg/db/models/characters.sql.go:557.3,557.27 1 0
actionphase/pkg/db/models/characters.sql.go:559.2,559.35 1 0
actionphase/pkg/db/models/characters.sql.go:559.35,561.3 1 0
actionphase/pkg/db/models/characters.sql.go:562.2,562.19 1 0
actionphase/pkg/db/models/characters.sql.go:569.77,572.2 2 0
actionphase/pkg/db/models/characters.sql.go:587.102,601.2 4 0
actionphase/pkg/db/models/characters.sql.go:615.114,629.2 4 0
actionphase/pkg/db/models/communications.sql.go:27.138,39.2 4 0
actionphase/pkg/db/models/communications.sql.go:54.111,72.2 4 0
actionphase/pkg/db/models/communications.sql.go:88.93,109.2 4 0
actionphase/pkg/db/models/communications.sql.go:125.105,146.2 4 0
actionphase/pkg/db/models/communications.sql.go:152.69,155.2 2 0
actionphase/pkg/db/models/communications.sql.go:161.73,164.2 2 0
actionphase/pkg/db/models/communications.sql.go:170.88,183.2 4 0
actionphase/pkg/db/models/communications.sql.go:206.124,208.16 2 0
actionphase/pkg/db/models/communications.sql.go:208.16,210.3 1 0
actionphase/pkg/db/models/communications.sql.go:211.2,213.18 3 0
actionphase/pkg/db/models/communications.sql.go:213.18,225.17 2 0
actionphase/pkg/db/models/communications.sql.go:225.17,227.4 1 0
actionphase/pkg/db/models/communications.sql.go:228.3,228.27 1 0
actionphase/pkg/db/models/communications.sql.go:230.2,230.35 1 0
actionphase/pkg/db/models/communications.sql.go:230.35,232.3 1 0
actionphase/pkg/db/models/communications.sql.go:233.2,233.19 1 0
actionphase/pkg/db/models/communications.sql.go:256.132,258.16 2 0
actionphase/pkg/db/models/communications.sql.go:258.16,260.3 1 0
actionphase/pkg/db/models/communications.sql.go:261.2,263.18 3 0
actionphase/pkg/db/models/communications.sql.go:263.18,274.17 2 0
actionphase/pkg/db/models/communications.sql.go:274.17,276.4 1 0
actionphase/pkg/db/models/communications.sql.go:277.3,277.27 1 0
actionphase/pkg/db/models/communications.sql.go:279.2,279.35 1 0
actionphase/pkg/db/models/communications.sql.go:279.35,281.3 1 0
actionphase/pkg/db/models/communications.sql.go:282.2,282.19 1 0
actionphase/pkg/db/models/communications.sql.go:308.98,310.16 2 0
actionphase/pkg/db/models/communications.sql.go:310.16,312.3 1 0
actionphase/pkg/db/models/communications.sql.go:313.2,315.18 3 0
actionphase/pkg/db/models/communications.sql.go:315.18,329.17 2 0
actionphase/pkg/db/models/communications.sql.go:329.17,331.4 1 0
actionphase/pkg/db/models/communications.sql.go:332.3,332.27 1 0
actionphase/pkg/db/models/communications.sql.go:334.2,334.35 1 0
actionphase/pkg/db/models/communications.sql.go:334.35,336.3 1 0
actionphase/pkg/db/models/communications.sql.go:337.2,337.19 1 0
actionphase/pkg/db/models/communications.sql.go:363.107,365.16 2 0
[...]
actionphase/pkg/db/models/games.sql.go:340.16,342.3 1 0
actionphase/pkg/db/models/games.sql.go:343.2,345.18 3 0
actionphase/pkg/db/models/games.sql.go:345.18,361.17 2 0
actionphase/pkg/db/models/games.sql.go:361.17,363.4 1 0
actionphase/pkg/db/models/games.sql.go:364.3,364.27 1 0
actionphase/pkg/db/models/games.sql.go:366.2,366.35 1 0
actionphase/pkg/db/models/games.sql.go:366.35,368.3 1 0
actionphase/pkg/db/models/games.sql.go:369.2,369.19 1 0
actionphase/pkg/db/models/games.sql.go:399.98,401.16 2 0
actionphase/pkg/db/models/games.sql.go:401.16,403.3 1 0
actionphase/pkg/db/models/games.sql.go:404.2,406.18 3 0
actionphase/pkg/db/models/games.sql.go:406.18,424.17 2 0
actionphase/pkg/db/models/games.sql.go:424.17,426.4 1 0
actionphase/pkg/db/models/games.sql.go:427.3,427.27 1 0
actionphase/pkg/db/models/games.sql.go:429.2,429.35 1 0
actionphase/pkg/db/models/games.sql.go:429.35,431.3 1 0
actionphase/pkg/db/models/games.sql.go:432.2,432.19 1 0
actionphase/pkg/db/models/games.sql.go:441.83,443.16 2 0
actionphase/pkg/db/models/games.sql.go:443.16,445.3 1 0
actionphase/pkg/db/models/games.sql.go:446.2,448.18 3 0
actionphase/pkg/db/models/games.sql.go:448.18,464.17 2 0
actionphase/pkg/db/models/games.sql.go:464.17,466.4 1 0
actionphase/pkg/db/models/games.sql.go:467.3,467.27 1 0
actionphase/pkg/db/models/games.sql.go:469.2,469.35 1 0
actionphase/pkg/db/models/games.sql.go:469.35,471.3 1 0
actionphase/pkg/db/models/games.sql.go:472.2,472.19 1 0
actionphase/pkg/db/models/games.sql.go:485.105,490.2 4 0
actionphase/pkg/db/models/games.sql.go:527.92,529.16 2 0
actionphase/pkg/db/models/games.sql.go:529.16,531.3 1 0
actionphase/pkg/db/models/games.sql.go:532.2,534.18 3 0
actionphase/pkg/db/models/games.sql.go:534.18,552.17 2 0
actionphase/pkg/db/models/games.sql.go:552.17,554.4 1 0
actionphase/pkg/db/models/games.sql.go:555.3,555.27 1 0
actionphase/pkg/db/models/games.sql.go:557.2,557.35 1 0
actionphase/pkg/db/models/games.sql.go:557.35,559.3 1 0
actionphase/pkg/db/models/games.sql.go:560.2,560.19 1 0
actionphase/pkg/db/models/games.sql.go:575.91,580.2 4 0
actionphase/pkg/db/models/games.sql.go:592.101,595.2 2 0
actionphase/pkg/db/models/games.sql.go:618.87,647.2 4 0
actionphase/pkg/db/models/games.sql.go:695.120,724.2 4 0
actionphase/pkg/db/models/games.sql.go:738.97,757.2 4 0
actionphase/pkg/db/models/games.sql.go:772.124,784.2 4 0
actionphase/pkg/db/models/notifications.sql.go:30.111,54.2 4 0
actionphase/pkg/db/models/notifications.sql.go:66.95,69.2 2 0
actionphase/pkg/db/models/notifications.sql.go:76.69,79.2 2 0
actionphase/pkg/db/models/notifications.sql.go:110.128,112.16 2 0
actionphase/pkg/db/models/notifications.sql.go:112.16,114.3 1 0
actionphase/pkg/db/models/notifications.sql.go:115.2,117.18 3 0
actionphase/pkg/db/models/notifications.sql.go:117.18,131.17 2 0
actionphase/pkg/db/models/notifications.sql.go:131.17,133.4 1 0
actionphase/pkg/db/models/notifications.sql.go:134.3,134.27 1 0
actionphase/pkg/db/models/notifications.sql.go:136.2,136.35 1 0
actionphase/pkg/db/models/notifications.sql.go:136.35,138.3 1 0
actionphase/pkg/db/models/notifications.sql.go:139.2,139.19 1 0
actionphase/pkg/db/models/notifications.sql.go:147.96,152.2 4 0
actionphase/pkg/db/models/notifications.sql.go:176.114,178.16 2 0
actionphase/pkg/db/models/notifications.sql.go:178.16,180.3 1 0
actionphase/pkg/db/models/notifications.sql.go:181.2,183.18 3 0
actionphase/pkg/db/models/notifications.sql.go:183.18,197.17 2 0
actionphase/pkg/db/models/notifications.sql.go:197.17,199.4 1 0
actionphase/pkg/db/models/notifications.sql.go:200.3,200.27 1 0
actionphase/pkg/db/models/notifications.sql.go:202.2,202.35 1 0
actionphase/pkg/db/models/notifications.sql.go:202.35,204.3 1 0
actionphase/pkg/db/models/notifications.sql.go:205.2,205.19 1 0
actionphase/pkg/db/models/notifications.sql.go:237.128,239.16 2 0
actionphase/pkg/db/models/notifications.sql.go:239.16,241.3 1 0
actionphase/pkg/db/models/notifications.sql.go:242.2,244.18 3 0
actionphase/pkg/db/models/notifications.sql.go:244.18,258.17 2 0
actionphase/pkg/db/models/notifications.sql.go:258.17,260.4 1 0
actionphase/pkg/db/models/notifications.sql.go:261.3,261.27 1 0
actionphase/pkg/db/models/notifications.sql.go:263.2,263.35 1 0
actionphase/pkg/db/models/notifications.sql.go:263.35,265.3 1 0
actionphase/pkg/db/models/notifications.sql.go:266.2,266.19 1 0
actionphase/pkg/db/models/notifications.sql.go:275.85,278.2 2 0
actionphase/pkg/db/models/notifications.sql.go:291.109,294.2 2 0
actionphase/pkg/db/models/notifications.sql.go:308.115,324.2 4 0
actionphase/pkg/db/models/notifications.sql.go:343.101,354.2 2 0
actionphase/pkg/db/models/notifications.sql.go:373.75,384.2 2 0
actionphase/pkg/db/models/notifications.sql.go:404.103,415.2 2 0
actionphase/pkg/db/models/phases.sql.go:21.83,36.2 4 0
actionphase/pkg/db/models/phases.sql.go:53.102,75.2 4 0
actionphase/pkg/db/models/phases.sql.go:83.84,86.2 2 0
actionphase/pkg/db/models/phases.sql.go:95.85,110.2 4 0
actionphase/pkg/db/models/phases.sql.go:123.83,126.2 2 0
actionphase/pkg/db/models/phases.sql.go:133.88,148.2 4 0
actionphase/pkg/db/models/phases.sql.go:175.98,177.16 2 0
actionphase/pkg/db/models/phases.sql.go:177.16,179.3 1 0
actionphase/pkg/db/models/phases.sql.go:180.2,182.18 3 0
actionphase/pkg/db/models/phases.sql.go:182.18,197.17 2 0
actionphase/pkg/db/models/phases.sql.go:197.17,199.4 1 0
actionphase/pkg/db/models/phases.sql.go:200.3,200.27 1 0
actionphase/pkg/db/models/phases.sql.go:202.2,202.35 1 0
actionphase/pkg/db/models/phases.sql.go:202.35,204.3 1 0
actionphase/pkg/db/models/phases.sql.go:205.2,205.19 1 0
actionphase/pkg/db/models/phases.sql.go:214.89,216.16 2 0
actionphase/pkg/db/models/phases.sql.go:216.16,218.3 1 0
actionphase/pkg/db/models/phases.sql.go:219.2,221.18 3 0
actionphase/pkg/db/models/phases.sql.go:221.18,233.17 2 0
actionphase/pkg/db/models/phases.sql.go:233.17,235.4 1 0
actionphase/pkg/db/models/phases.sql.go:236.3,236.27 1 0
actionphase/pkg/db/models/phases.sql.go:238.2,238.35 1 0
actionphase/pkg/db/models/phases.sql.go:238.35,240.3 1 0
actionphase/pkg/db/models/phases.sql.go:241.2,241.19 1 0
actionphase/pkg/db/models/phases.sql.go:268.98,270.16 2 0
actionphase/pkg/db/models/phases.sql.go:270.16,272.3 1 0
actionphase/pkg/db/models/phases.sql.go:273.2,275.18 3 0
actionphase/pkg/db/models/phases.sql.go:275.18,289.17 2 0
actionphase/pkg/db/models/phases.sql.go:289.17,291.4 1 0
actionphase/pkg/db/models/phases.sql.go:292.3,292.27 1 0
actionphase/pkg/db/models/phases.sql.go:294.2,294.35 1 0
actionphase/pkg/db/models/phases.sql.go:294.35,296.3 1 0
actionphase/pkg/db/models/phases.sql.go:297.2,297.19 1 0
actionphase/pkg/db/models/phases.sql.go:306.96,311.2 4 0
actionphase/pkg/db/models/phases.sql.go:317.78,332.2 4 0
actionphase/pkg/db/models/phases.sql.go:356.101,358.16 2 0
actionphase/pkg/db/models/phases.sql.go:358.16,360.3 1 0
actionphase/pkg/db/models/phases.sql.go:361.2,363.18 3 0
actionphase/pkg/db/models/phases.sql.go:363.18,376.17 2 0
actionphase/pkg/db/models/phases.sql.go:376.17,378.4 1 0
actionphase/pkg/db/models/phases.sql.go:379.3,379.27 1 0
actionphase/pkg/db/models/phases.sql.go:381.2,381.35 1 0
actionphase/pkg/db/models/phases.sql.go:381.35,383.3 1 0
actionphase/pkg/db/models/phases.sql.go:384.2,384.19 1 0
actionphase/pkg/db/models/phases.sql.go:408.101,410.16 2 0
actionphase/pkg/db/models/phases.sql.go:410.16,412.3 1 0
actionphase/pkg/db/models/phases.sql.go:413.2,415.18 3 0
actionphase/pkg/db/models/phases.sql.go:415.18,427.17 2 0
actionphase/pkg/db/models/phases.sql.go:427.17,429.4 1 0
actionphase/pkg/db/models/phases.sql.go:430.3,430.27 1 0
actionphase/pkg/db/models/phases.sql.go:432.2,432.35 1 0
actionphase/pkg/db/models/phases.sql.go:432.35,434.3 1 0
actionphase/pkg/db/models/phases.sql.go:435.2,435.19 1 0
actionphase/pkg/db/models/phases.sql.go:449.105,463.2 4 0
actionphase/pkg/db/models/phases.sql.go:491.110,493.16 2 0
actionphase/pkg/db/models/phases.sql.go:493.16,495.3 1 0
actionphase/pkg/db/models/phases.sql.go:496.2,498.18 3 0
actionphase/pkg/db/models/phases.sql.go:498.18,511.17 2 0
actionphase/pkg/db/models/phases.sql.go:511.17,513.4 1 0
actionphase/pkg/db/models/phases.sql.go:514.3,514.27 1 0
actionphase/pkg/db/models/phases.sql.go:516.2,516.35 1 0
actionphase/pkg/db/models/phases.sql.go:516.35,518.3 1 0
actionphase/pkg/db/models/phases.sql.go:519.2,519.19 1 0
actionphase/pkg/db/models/phases.sql.go:549.110,551.16 2 0
actionphase/pkg/db/models/phases.sql.go:551.16,553.3 1 0
actionphase/pkg/db/models/phases.sql.go:554.2,556.18 3 0
actionphase/pkg/db/models/phases.sql.go:556.18,569.17 2 0
actionphase/pkg/db/models/phases.sql.go:569.17,571.4 1 0
actionphase/pkg/db/models/phases.sql.go:572.3,572.27 1 0
actionphase/pkg/db/models/phases.sql.go:574.2,574.35 1 0
actionphase/pkg/db/models/phases.sql.go:574.35,576.3 1 0
actionphase/pkg/db/models/phases.sql.go:577.2,577.19 1 0
actionphase/pkg/db/models/phases.sql.go:594.107,613.2 4 0
actionphase/pkg/db/models/phases.sql.go:631.103,651.2 4 0
actionphase/pkg/db/models/phases.sql.go:665.110,680.2 4 0
actionphase/pkg/db/models/sessions.sql.go:29.96,39.2 4 0
actionphase/pkg/db/models/sessions.sql.go:46.70,49.2 2 0
actionphase/pkg/db/models/sessions.sql.go:56.80,59.2 2 0
actionphase/pkg/db/models/sessions.sql.go:66.78,76.2 4 0
actionphase/pkg/db/models/sessions.sql.go:83.88,93.2 4 0
actionphase/pkg/db/models/sessions.sql.go:100.91,102.16 2 0
actionphase/pkg/db/models/sessions.sql.go:102.16,104.3 1 0
actionphase/pkg/db/models/sessions.sql.go:105.2,107.18 3 0
actionphase/pkg/db/models/sessions.sql.go:107.18,114.17 2 0
actionphase/pkg/db/models/sessions.sql.go:114.17,116.4 1 0
actionphase/pkg/db/models/sessions.sql.go:117.3,117.27 1 0
actionphase/pkg/db/models/sessions.sql.go:119.2,119.35 1 0
actionphase/pkg/db/models/sessions.sql.go:119.35,121.3 1 0
actionphase/pkg/db/models/sessions.sql.go:122.2,122.19 1 0
actionphase/pkg/db/models/users.sql.go:27.87,44.2 4 0
actionphase/pkg/db/models/users.sql.go:51.67,54.2 2 0
actionphase/pkg/db/models/users.sql.go:61.72,78.2 4 0
actionphase/pkg/db/models/users.sql.go:85.89,102.2 4 0
actionphase/pkg/db/models/users.sql.go:109.66,111.16 2 0
actionphase/pkg/db/models/users.sql.go:111.16,113.3 1 0
actionphase/pkg/db/models/users.sql.go:114.2,116.18 3 0
actionphase/pkg/db/models/users.sql.go:116.18,130.17 2 0
actionphase/pkg/db/models/users.sql.go:130.17,132.4 1 0
actionphase/pkg/db/models/users.sql.go:133.3,133.27 1 0
actionphase/pkg/db/models/users.sql.go:135.2,135.35 1 0
actionphase/pkg/db/models/users.sql.go:135.35,137.3 1 0
actionphase/pkg/db/models/users.sql.go:138.2,138.19 1 0
actionphase/pkg/db/models/users.sql.go:156.79,164.2 2 0
actionphase/pkg/games/api.go:31.59,33.2 1 0
actionphase/pkg/games/api.go:50.78,52.2 1 0
actionphase/pkg/games/api.go:54.70,56.45 2 0
actionphase/pkg/games/api.go:56.45,59.3 2 0
actionphase/pkg/games/api.go:62.2,62.22 1 0
actionphase/pkg/games/api.go:62.22,65.3 2 0
actionphase/pkg/games/api.go:68.2,69.16 2 0
actionphase/pkg/games/api.go:69.16,72.3 2 0
actionphase/pkg/games/api.go:74.2,75.9 2 0
actionphase/pkg/games/api.go:75.9,78.3 2 0
actionphase/pkg/games/api.go:81.2,83.16 3 0
actionphase/pkg/games/api.go:83.16,87.3 3 0
actionphase/pkg/games/api.go:89.2,106.16 5 0
actionphase/pkg/games/api.go:106.16,110.3 3 0
actionphase/pkg/games/api.go:113.2,123.22 2 0
actionphase/pkg/games/api.go:123.22,125.3 1 0
actionphase/pkg/games/api.go:126.2,126.26 1 0
actionphase/pkg/games/api.go:126.26,128.3 1 0
actionphase/pkg/games/api.go:129.2,129.24 1 0
actionphase/pkg/games/api.go:129.24,131.3 1 0
actionphase/pkg/games/api.go:132.2,132.36 1 0
actionphase/pkg/games/api.go:132.36,134.3 1 0
actionphase/pkg/games/api.go:135.2,135.27 1 0
actionphase/pkg/games/api.go:135.27,137.3 1 0
actionphase/pkg/games/api.go:139.2,140.31 2 0
actionphase/pkg/games/api.go:143.67,146.16 3 0
actionphase/pkg/games/api.go:146.16,149.3 2 0
actionphase/pkg/games/api.go:151.2,153.16 3 0
actionphase/pkg/games/api.go:153.16,157.3 3 0
actionphase/pkg/games/api.go:160.2,170.22 2 0
actionphase/pkg/games/api.go:170.22,172.3 1 0
actionphase/pkg/games/api.go:173.2,173.26 1 0
actionphase/pkg/games/api.go:173.26,175.3 1 0
actionphase/pkg/games/api.go:176.2,176.24 1 0
actionphase/pkg/games/api.go:176.24,178.3 1 0
actionphase/pkg/games/api.go:179.2,179.36 1 0
actionphase/pkg/games/api.go:179.36,181.3 1 0
actionphase/pkg/games/api.go:182.2,182.27 1 0
actionphase/pkg/games/api.go:182.27,184.3 1 0
actionphase/pkg/games/api.go:186.2,186.31 1 0
actionphase/pkg/games/api.go:189.71,192.16 3 0
actionphase/pkg/games/api.go:192.16,196.3 3 0
actionphase/pkg/games/api.go:198.2,202.29 3 0
actionphase/pkg/games/api.go:202.29,214.23 2 0
actionphase/pkg/games/api.go:214.23,216.4 1 0
actionphase/pkg/games/api.go:217.3,217.27 1 0
actionphase/pkg/games/api.go:217.27,219.4 1 0
actionphase/pkg/games/api.go:220.3,220.25 1 0
actionphase/pkg/games/api.go:220.25,222.4 1 0
actionphase/pkg/games/api.go:223.3,223.37 1 0
actionphase/pkg/games/api.go:223.37,225.4 1 0
actionphase/pkg/games/api.go:226.3,226.28 1 0
actionphase/pkg/games/api.go:226.28,228.4 1 0
actionphase/pkg/games/api.go:229.3,229.26 1 0
actionphase/pkg/games/api.go:229.26,231.4 1 0
actionphase/pkg/games/api.go:233.3,233.40 1 0
actionphase/pkg/games/api.go:236.2,237.37 2 0
actionphase/pkg/games/api.go:240.76,243.16 2 0
actionphase/pkg/games/api.go:243.16,247.3 3 0
actionphase/pkg/games/api.go:248.2,251.18 3 0
actionphase/pkg/games/api.go:251.18,256.59 4 0
actionphase/pkg/games/api.go:256.59,258.12 2 0
actionphase/pkg/games/api.go:261.3,265.5 1 0
actionphase/pkg/games/api.go:268.2,271.34 3 0
actionphase/pkg/games/api.go:278.64,280.2 1 0
actionphase/pkg/games/api.go:293.59,295.2 1 0
actionphase/pkg/games/api.go:301.57,303.2 1 0
actionphase/pkg/games/api.go:322.89,324.2 1 0
actionphase/pkg/games/api.go:326.75,329.16 3 0
actionphase/pkg/games/api.go:329.16,332.3 2 0
actionphase/pkg/games/api.go:334.2,335.45 2 0
actionphase/pkg/games/api.go:335.45,338.3 2 0
actionphase/pkg/games/api.go:341.2,342.16 2 0
actionphase/pkg/games/api.go:342.16,345.3 2 0
actionphase/pkg/games/api.go:347.2,348.9 2 0
actionphase/pkg/games/api.go:348.9,351.3 2 0
actionphase/pkg/games/api.go:354.2,356.16 3 0
actionphase/pkg/games/api.go:356.16,360.3 3 0
actionphase/pkg/games/api.go:362.2,367.16 4 0
actionphase/pkg/games/api.go:367.16,371.3 3 0
actionphase/pkg/games/api.go:373.2,373.29 1 0
actionphase/pkg/games/api.go:373.29,376.3 2 0
actionphase/pkg/games/api.go:378.2,379.16 2 0
actionphase/pkg/games/api.go:379.16,383.3 3 0
actionphase/pkg/games/api.go:386.2,396.31 2 0
actionphase/pkg/games/api.go:400.70,403.16 3 0
actionphase/pkg/games/api.go:403.16,406.3 2 0
actionphase/pkg/games/api.go:408.2,409.45 2 0
actionphase/pkg/games/api.go:409.45,412.3 2 0
actionphase/pkg/games/api.go:415.2,416.16 2 0
actionphase/pkg/games/api.go:416.16,419.3 2 0
actionphase/pkg/games/api.go:421.2,422.9 2 0
actionphase/pkg/games/api.go:422.9,425.3 2 0
actionphase/pkg/games/api.go:428.2,430.16 3 0
actionphase/pkg/games/api.go:430.16,434.3 3 0
actionphase/pkg/games/api.go:436.2,441.16 4 0
actionphase/pkg/games/api.go:441.16,445.3 3 0
actionphase/pkg/games/api.go:447.2,447.29 1 0
actionphase/pkg/games/api.go:447.29,450.3 2 0
actionphase/pkg/games/api.go:453.2,465.16 2 0
actionphase/pkg/games/api.go:465.16,469.3 3 0
actionphase/pkg/games/api.go:472.2,482.29 2 0
actionphase/pkg/games/api.go:482.29,484.3 1 0
actionphase/pkg/games/api.go:485.2,485.33 1 0
actionphase/pkg/games/api.go:485.33,487.3 1 0
actionphase/pkg/games/api.go:488.2,488.31 1 0
actionphase/pkg/games/api.go:488.31,490.3 1 0
actionphase/pkg/games/api.go:491.2,491.43 1 0
actionphase/pkg/games/api.go:491.43,493.3 1 0
actionphase/pkg/games/api.go:494.2,494.34 1 0
actionphase/pkg/games/api.go:494.34,496.3 1 0
actionphase/pkg/games/api.go:498.2,498.31 1 0
actionphase/pkg/games/api.go:502.70,505.16 3 0
actionphase/pkg/games/api.go:505.16,508.3 2 0
actionphase/pkg/games/api.go:511.2,512.16 2 0
actionphase/pkg/games/api.go:512.16,515.3 2 0
actionphase/pkg/games/api.go:517.2,518.9 2 0
actionphase/pkg/games/api.go:518.9,521.3 2 0
actionphase/pkg/games/api.go:524.2,526.16 3 0
actionphase/pkg/games/api.go:526.16,530.3 3 0
actionphase/pkg/games/api.go:532.2,537.16 4 0
actionphase/pkg/games/api.go:537.16,541.3 3 0
actionphase/pkg/games/api.go:543.2,543.29 1 0
actionphase/pkg/games/api.go:543.29,546.3 2 0
actionphase/pkg/games/api.go:549.2,550.16 2 0
actionphase/pkg/games/api.go:550.16,554.3 3 0
actionphase/pkg/games/api.go:556.2,556.37 1 0
actionphase/pkg/games/api.go:560.78,563.16 3 0
actionphase/pkg/games/api.go:563.16,566.3 2 0
actionphase/pkg/games/api.go:568.2,570.16 3 0
actionphase/pkg/games/api.go:570.16,574.3 3 0
actionphase/pkg/games/api.go:577.2,588.27 2 0
actionphase/pkg/games/api.go:588.27,590.3 1 0
actionphase/pkg/games/api.go:591.2,591.22 1 0
actionphase/pkg/games/api.go:591.22,593.3 1 0
actionphase/pkg/games/api.go:594.2,594.26 1 0
actionphase/pkg/games/api.go:594.26,596.3 1 0
actionphase/pkg/games/api.go:597.2,597.24 1 0
actionphase/pkg/games/api.go:597.24,599.3 1 0
actionphase/pkg/games/api.go:600.2,600.36 1 0
actionphase/pkg/games/api.go:600.36,602.3 1 0
actionphase/pkg/games/api.go:603.2,603.27 1 0
actionphase/pkg/games/api.go:603.27,605.3 1 0
actionphase/pkg/games/api.go:607.2,607.31 1 0
actionphase/pkg/games/api.go:611.78,614.16 3 0
actionphase/pkg/games/api.go:614.16,618.3 3 0
actionphase/pkg/games/api.go:621.2,622.29 2 0
actionphase/pkg/games/api.go:622.29,635.23 2 0
actionphase/pkg/games/api.go:635.23,637.4 1 0
actionphase/pkg/games/api.go:638.3,638.27 1 0
actionphase/pkg/games/api.go:638.27,640.4 1 0
actionphase/pkg/games/api.go:641.3,641.25 1 0
actionphase/pkg/games/api.go:641.25,643.4 1 0
actionphase/pkg/games/api.go:644.3,644.37 1 0
actionphase/pkg/games/api.go:644.37,646.4 1 0
actionphase/pkg/games/api.go:647.3,647.28 1 0
actionphase/pkg/games/api.go:647.28,649.4 1 0
actionphase/pkg/games/api.go:651.3,651.40 1 0
actionphase/pkg/games/api.go:654.2,655.37 2 0
actionphase/pkg/games/api.go:659.68,662.16 3 0
actionphase/pkg/games/api.go:662.16,665.3 2 0
actionphase/pkg/games/api.go:667.2,668.45 2 0
actionphase/pkg/games/api.go:668.45,671.3 2 0
actionphase/pkg/games/api.go:674.2,674.21 1 0
actionphase/pkg/games/api.go:674.21,676.3 1 0
actionphase/pkg/games/api.go:679.2,679.54 1 0
actionphase/pkg/games/api.go:679.54,682.3 2 0
actionphase/pkg/games/api.go:685.2,686.16 2 0
actionphase/pkg/games/api.go:686.16,689.3 2 0
actionphase/pkg/games/api.go:691.2,692.9 2 0
actionphase/pkg/games/api.go:692.9,695.3 2 0
actionphase/pkg/games/api.go:698.2,700.16 3 0
actionphase/pkg/games/api.go:700.16,704.3 3 0
actionphase/pkg/games/api.go:706.2,711.16 4 0
actionphase/pkg/games/api.go:711.16,715.3 3 0
actionphase/pkg/games/api.go:717.2,717.30 1 0
actionphase/pkg/games/api.go:717.30,719.21 2 0
actionphase/pkg/games/api.go:720.30,721.59 1 0
actionphase/pkg/games/api.go:722.26,723.47 1 0
actionphase/pkg/games/api.go:724.20,725.28 1 0
actionphase/pkg/games/api.go:726.25,727.58 1 0
actionphase/pkg/games/api.go:728.11,729.32 1 0
actionphase/pkg/games/api.go:731.3,732.9 2 0
actionphase/pkg/games/api.go:736.2,737.16 2 0
actionphase/pkg/games/api.go:737.16,741.3 3 0
actionphase/pkg/games/api.go:743.2,754.37 4 0
actionphase/pkg/games/api.go:758.69,761.16 3 0
actionphase/pkg/games/api.go:761.16,764.3 2 0
actionphase/pkg/games/api.go:767.2,768.16 2 0
actionphase/pkg/games/api.go:768.16,771.3 2 0
actionphase/pkg/games/api.go:773.2,774.9 2 0
actionphase/pkg/games/api.go:774.9,777.3 2 0
actionphase/pkg/games/api.go:780.2,782.16 3 0
actionphase/pkg/games/api.go:782.16,786.3 3 0
actionphase/pkg/games/api.go:788.2,793.16 4 0
actionphase/pkg/games/api.go:793.16,797.3 3 0
actionphase/pkg/games/api.go:799.2,799.37 1 0
actionphase/pkg/games/api.go:803.79,806.16 3 0
actionphase/pkg/games/api.go:806.16,809.3 2 0
actionphase/pkg/games/api.go:811.2,813.16 3 0
actionphase/pkg/games/api.go:813.16,817.3 3 0
actionphase/pkg/games/api.go:820.2,821.43 2 0
actionphase/pkg/games/api.go:821.43,833.3 2 0
actionphase/pkg/games/api.go:835.2,836.37 2 0
