mode: set
actionphase/pkg/db/services/characters.go:33.121,37.46 2 1
actionphase/pkg/db/services/characters.go:37.46,39.3 1 1
actionphase/pkg/db/services/characters.go:42.2,42.66 1 1
actionphase/pkg/db/services/characters.go:42.66,44.3 1 1
actionphase/pkg/db/services/characters.go:46.2,47.23 2 1
actionphase/pkg/db/services/characters.go:47.23,49.3 1 1
actionphase/pkg/db/services/characters.go:51.2,59.24 2 1
actionphase/pkg/db/services/characters.go:62.109,66.2 3 1
actionphase/pkg/db/services/characters.go:68.125,71.2 2 1
actionphase/pkg/db/services/characters.go:73.131,76.2 2 1
actionphase/pkg/db/services/characters.go:78.107,81.2 2 1
actionphase/pkg/db/services/characters.go:83.130,89.2 2 1
actionphase/pkg/db/services/characters.go:91.113,98.2 3 1
actionphase/pkg/db/services/characters.go:100.112,107.2 3 1
actionphase/pkg/db/services/characters.go:109.125,114.16 3 1
actionphase/pkg/db/services/characters.go:114.16,116.3 1 1
actionphase/pkg/db/services/characters.go:118.2,118.86 1 1
actionphase/pkg/db/services/characters.go:118.86,120.3 1 1
actionphase/pkg/db/services/characters.go:123.2,123.41 1 1
actionphase/pkg/db/services/characters.go:123.41,129.17 2 1
actionphase/pkg/db/services/characters.go:129.17,131.4 1 0
actionphase/pkg/db/services/characters.go:134.2,140.12 2 1
actionphase/pkg/db/services/characters.go:143.99,147.26 3 1
actionphase/pkg/db/services/characters.go:147.26,149.3 1 1
actionphase/pkg/db/services/characters.go:151.2,160.12 2 1
actionphase/pkg/db/services/characters.go:163.119,166.2 2 1
actionphase/pkg/db/services/characters.go:168.146,174.2 2 1
actionphase/pkg/db/services/characters.go:176.125,179.2 2 1
actionphase/pkg/db/services/characters.go:181.112,185.16 3 1
actionphase/pkg/db/services/characters.go:185.16,187.3 1 1
actionphase/pkg/db/services/characters.go:190.2,190.64 1 1
actionphase/pkg/db/services/characters.go:190.64,192.3 1 1
actionphase/pkg/db/services/characters.go:195.2,196.16 2 1
actionphase/pkg/db/services/characters.go:196.16,198.3 1 0
actionphase/pkg/db/services/characters.go:200.2,200.29 1 1
actionphase/pkg/db/services/characters.go:200.29,202.3 1 1
actionphase/pkg/db/services/characters.go:205.2,205.47 1 1
actionphase/pkg/db/services/characters.go:205.47,207.56 2 1
actionphase/pkg/db/services/characters.go:207.56,209.4 1 1
actionphase/pkg/db/services/characters.go:212.2,212.19 1 1
actionphase/pkg/db/services/characters.go:215.54,217.39 2 1
actionphase/pkg/db/services/characters.go:217.39,218.33 1 1
actionphase/pkg/db/services/characters.go:218.33,220.4 1 1
actionphase/pkg/db/services/characters.go:222.2,222.14 1 1
actionphase/pkg/db/services/conversations.go:21.68,26.2 1 1
actionphase/pkg/db/services/conversations.go:47.132,49.16 2 1
actionphase/pkg/db/services/conversations.go:49.16,51.3 1 0
actionphase/pkg/db/services/conversations.go:52.2,58.21 4 1
actionphase/pkg/db/services/conversations.go:58.21,60.3 1 1
actionphase/pkg/db/services/conversations.go:64.2,65.34 2 1
actionphase/pkg/db/services/conversations.go:65.34,67.3 1 1
actionphase/pkg/db/services/conversations.go:69.2,75.16 2 1
actionphase/pkg/db/services/conversations.go:75.16,77.3 1 0
actionphase/pkg/db/services/conversations.go:80.2,80.44 1 1
actionphase/pkg/db/services/conversations.go:80.44,83.17 2 1
actionphase/pkg/db/services/conversations.go:83.17,85.4 1 0
actionphase/pkg/db/services/conversations.go:88.3,89.25 2 1
actionphase/pkg/db/services/conversations.go:89.25,92.18 2 1
actionphase/pkg/db/services/conversations.go:92.18,94.5 1 0
actionphase/pkg/db/services/conversations.go:95.4,95.37 1 1
actionphase/pkg/db/services/conversations.go:96.9,98.4 1 1
actionphase/pkg/db/services/conversations.go:100.3,105.17 2 1
actionphase/pkg/db/services/conversations.go:105.17,107.4 1 0
actionphase/pkg/db/services/conversations.go:110.2,110.39 1 1
actionphase/pkg/db/services/conversations.go:110.39,112.3 1 0
actionphase/pkg/db/services/conversations.go:114.2,114.19 1 1
actionphase/pkg/db/services/conversations.go:118.179,121.28 1 1
actionphase/pkg/db/services/conversations.go:121.28,124.39 2 1
actionphase/pkg/db/services/conversations.go:124.39,126.40 2 1
actionphase/pkg/db/services/conversations.go:126.41,130.5 0 1
actionphase/pkg/db/services/conversations.go:135.2,140.4 1 1
actionphase/pkg/db/services/conversations.go:144.143,149.16 2 1
actionphase/pkg/db/services/conversations.go:149.16,151.3 1 0
actionphase/pkg/db/services/conversations.go:153.2,153.27 1 1
actionphase/pkg/db/services/conversations.go:157.151,159.16 2 1
actionphase/pkg/db/services/conversations.go:159.16,161.3 1 0
actionphase/pkg/db/services/conversations.go:163.2,163.26 1 1
actionphase/pkg/db/services/conversations.go:175.120,181.16 2 1
actionphase/pkg/db/services/conversations.go:181.16,183.3 1 0
actionphase/pkg/db/services/conversations.go:184.2,184.20 1 1
actionphase/pkg/db/services/conversations.go:184.20,186.3 1 1
actionphase/pkg/db/services/conversations.go:188.2,189.16 2 1
actionphase/pkg/db/services/conversations.go:189.16,191.3 1 0
actionphase/pkg/db/services/conversations.go:192.2,203.16 4 1
actionphase/pkg/db/services/conversations.go:203.16,205.3 1 0
actionphase/pkg/db/services/conversations.go:208.2,208.80 1 1
actionphase/pkg/db/services/conversations.go:208.80,210.3 1 0
actionphase/pkg/db/services/conversations.go:212.2,212.39 1 1
actionphase/pkg/db/services/conversations.go:212.39,214.3 1 0
actionphase/pkg/db/services/conversations.go:216.2,216.18 1 1
actionphase/pkg/db/services/conversations.go:220.157,226.16 2 1
actionphase/pkg/db/services/conversations.go:226.16,228.3 1 0
actionphase/pkg/db/services/conversations.go:229.2,229.20 1 1
actionphase/pkg/db/services/conversations.go:229.20,231.3 1 1
actionphase/pkg/db/services/conversations.go:233.2,234.16 2 1
actionphase/pkg/db/services/conversations.go:234.16,236.3 1 0
actionphase/pkg/db/services/conversations.go:238.2,238.22 1 1
actionphase/pkg/db/services/conversations.go:242.117,248.16 2 1
actionphase/pkg/db/services/conversations.go:248.16,250.3 1 0
actionphase/pkg/db/services/conversations.go:251.2,251.20 1 1
actionphase/pkg/db/services/conversations.go:251.20,253.3 1 1
actionphase/pkg/db/services/conversations.go:255.2,258.17 1 1
actionphase/pkg/db/services/conversations.go:258.17,260.3 1 0
actionphase/pkg/db/services/conversations.go:262.2,262.12 1 1
actionphase/pkg/db/services/conversations.go:266.125,271.16 2 1
actionphase/pkg/db/services/conversations.go:271.16,273.3 1 0
actionphase/pkg/db/services/conversations.go:275.2,275.19 1 1
actionphase/pkg/db/services/conversations.go:279.114,282.16 2 1
actionphase/pkg/db/services/conversations.go:282.16,284.3 1 1
actionphase/pkg/db/services/conversations.go:287.2,288.24 2 1
actionphase/pkg/db/services/conversations.go:288.24,291.17 2 1
actionphase/pkg/db/services/conversations.go:291.17,293.4 1 0
actionphase/pkg/db/services/conversations.go:294.3,295.17 2 1
actionphase/pkg/db/services/conversations.go:295.17,297.4 1 0
actionphase/pkg/db/services/conversations.go:298.3,298.36 1 1
actionphase/pkg/db/services/conversations.go:299.8,301.3 1 1
actionphase/pkg/db/services/conversations.go:303.2,308.16 2 1
actionphase/pkg/db/services/conversations.go:308.16,310.3 1 0
actionphase/pkg/db/services/conversations.go:312.2,312.12 1 1
actionphase/pkg/db/services/game_applications.go:19.151,23.108 2 1
actionphase/pkg/db/services/game_applications.go:23.108,25.3 1 0
actionphase/pkg/db/services/game_applications.go:28.2,32.16 2 1
actionphase/pkg/db/services/game_applications.go:32.16,34.3 1 0
actionphase/pkg/db/services/game_applications.go:36.2,36.37 1 1
actionphase/pkg/db/services/game_applications.go:36.37,37.25 1 1
actionphase/pkg/db/services/game_applications.go:38.26,39.72 1 1
actionphase/pkg/db/services/game_applications.go:40.32,41.72 1 0
actionphase/pkg/db/services/game_applications.go:42.32,43.82 1 1
actionphase/pkg/db/services/game_applications.go:44.33,45.70 1 0
actionphase/pkg/db/services/game_applications.go:46.27,47.62 1 1
actionphase/pkg/db/services/game_applications.go:48.11,49.70 1 0
actionphase/pkg/db/services/game_applications.go:54.2,55.23 2 1
actionphase/pkg/db/services/game_applications.go:55.23,57.3 1 1
actionphase/pkg/db/services/game_applications.go:59.2,65.16 2 1
actionphase/pkg/db/services/game_applications.go:65.16,67.3 1 0
actionphase/pkg/db/services/game_applications.go:70.2,82.25 2 1
actionphase/pkg/db/services/game_applications.go:86.130,90.16 3 1
actionphase/pkg/db/services/game_applications.go:90.16,92.3 1 1
actionphase/pkg/db/services/game_applications.go:95.2,107.25 2 1
actionphase/pkg/db/services/game_applications.go:111.132,115.16 3 1
actionphase/pkg/db/services/game_applications.go:115.16,117.3 1 0
actionphase/pkg/db/services/game_applications.go:119.2,119.26 1 1
actionphase/pkg/db/services/game_applications.go:123.163,127.44 2 1
actionphase/pkg/db/services/game_applications.go:127.44,129.3 1 0
actionphase/pkg/db/services/game_applications.go:131.2,135.16 2 1
actionphase/pkg/db/services/game_applications.go:135.16,137.3 1 0
actionphase/pkg/db/services/game_applications.go:139.2,139.26 1 1
actionphase/pkg/db/services/game_applications.go:143.140,147.16 3 1
actionphase/pkg/db/services/game_applications.go:147.16,149.3 1 0
actionphase/pkg/db/services/game_applications.go:151.2,151.26 1 1
actionphase/pkg/db/services/game_applications.go:155.119,164.16 3 1
actionphase/pkg/db/services/game_applications.go:164.16,166.3 1 0
actionphase/pkg/db/services/game_applications.go:171.2,171.12 1 1
actionphase/pkg/db/services/game_applications.go:175.118,183.16 3 1
actionphase/pkg/db/services/game_applications.go:183.16,185.3 1 0
actionphase/pkg/db/services/game_applications.go:187.2,187.12 1 1
actionphase/pkg/db/services/game_applications.go:191.114,198.16 3 1
actionphase/pkg/db/services/game_applications.go:198.16,200.3 1 0
actionphase/pkg/db/services/game_applications.go:202.2,202.12 1 1
actionphase/pkg/db/services/game_applications.go:206.114,213.16 3 1
actionphase/pkg/db/services/game_applications.go:213.16,215.3 1 0
actionphase/pkg/db/services/game_applications.go:217.2,217.20 1 1
actionphase/pkg/db/services/game_applications.go:221.114,228.16 3 1
actionphase/pkg/db/services/game_applications.go:228.16,230.3 1 0
actionphase/pkg/db/services/game_applications.go:232.2,232.24 1 1
actionphase/pkg/db/services/game_applications.go:236.118,240.16 3 1
actionphase/pkg/db/services/game_applications.go:240.16,242.3 1 0
actionphase/pkg/db/services/game_applications.go:244.2,244.19 1 1
actionphase/pkg/db/services/game_applications.go:248.113,255.16 3 1
actionphase/pkg/db/services/game_applications.go:255.16,257.3 1 0
actionphase/pkg/db/services/game_applications.go:259.2,259.12 1 1
actionphase/pkg/db/services/game_applications.go:263.112,270.16 3 1
actionphase/pkg/db/services/game_applications.go:270.16,272.3 1 0
actionphase/pkg/db/services/game_applications.go:274.2,274.12 1 1
actionphase/pkg/db/services/game_applications.go:278.154,282.16 3 1
actionphase/pkg/db/services/game_applications.go:282.16,284.3 1 0
actionphase/pkg/db/services/game_applications.go:286.2,286.26 1 1
actionphase/pkg/db/services/game_applications.go:290.144,297.16 3 1
actionphase/pkg/db/services/game_applications.go:297.16,299.3 1 1
actionphase/pkg/db/services/game_applications.go:302.2,314.25 2 1
actionphase/pkg/db/services/game_applications.go:319.119,322.16 2 1
actionphase/pkg/db/services/game_applications.go:322.16,324.3 1 0
actionphase/pkg/db/services/game_applications.go:326.2,329.43 2 1
actionphase/pkg/db/services/game_applications.go:329.43,335.17 2 1
actionphase/pkg/db/services/game_applications.go:335.17,337.4 1 0
actionphase/pkg/db/services/game_applications.go:340.2,340.12 1 1
actionphase/pkg/db/services/game_applications.go:345.104,349.16 3 1
actionphase/pkg/db/services/game_applications.go:349.16,351.3 1 0
actionphase/pkg/db/services/game_applications.go:353.2,353.12 1 1
actionphase/pkg/db/services/games.go:53.106,58.26 3 1
actionphase/pkg/db/services/games.go:58.26,60.3 1 1
actionphase/pkg/db/services/games.go:61.2,61.24 1 1
actionphase/pkg/db/services/games.go:61.24,63.3 1 1
actionphase/pkg/db/services/games.go:64.2,64.36 1 1
actionphase/pkg/db/services/games.go:64.36,66.3 1 0
actionphase/pkg/db/services/games.go:68.2,81.19 2 1
actionphase/pkg/db/services/games.go:84.89,88.2 3 1
actionphase/pkg/db/services/games.go:90.110,93.2 2 1
actionphase/pkg/db/services/games.go:95.90,98.2 2 1
actionphase/pkg/db/services/games.go:100.114,104.33 2 1
actionphase/pkg/db/services/games.go:104.33,106.3 1 0
actionphase/pkg/db/services/games.go:108.2,113.19 2 1
actionphase/pkg/db/services/games.go:116.83,121.16 3 1
actionphase/pkg/db/services/games.go:121.16,123.3 1 0
actionphase/pkg/db/services/games.go:125.2,125.29 1 1
actionphase/pkg/db/services/games.go:125.29,127.3 1 1
actionphase/pkg/db/services/games.go:129.2,132.4 1 1
actionphase/pkg/db/services/games.go:135.95,140.16 3 1
actionphase/pkg/db/services/games.go:140.16,142.3 1 0
actionphase/pkg/db/services/games.go:144.2,144.29 1 1
actionphase/pkg/db/services/games.go:144.29,146.3 1 1
actionphase/pkg/db/services/games.go:149.2,153.16 2 1
actionphase/pkg/db/services/games.go:153.16,155.3 1 0
actionphase/pkg/db/services/games.go:157.2,157.18 1 1
actionphase/pkg/db/services/games.go:160.94,165.16 3 1
actionphase/pkg/db/services/games.go:165.16,167.3 1 0
actionphase/pkg/db/services/games.go:169.2,169.29 1 1
actionphase/pkg/db/services/games.go:169.29,171.3 1 0
actionphase/pkg/db/services/games.go:174.2,179.20 2 1
actionphase/pkg/db/services/games.go:204.42,206.41 2 1
actionphase/pkg/db/services/games.go:206.41,207.26 1 1
actionphase/pkg/db/services/games.go:207.26,209.4 1 1
actionphase/pkg/db/services/games.go:211.2,211.14 1 0
actionphase/pkg/db/services/games.go:215.106,220.26 3 1
actionphase/pkg/db/services/games.go:220.26,222.3 1 0
actionphase/pkg/db/services/games.go:223.2,223.24 1 1
actionphase/pkg/db/services/games.go:223.24,225.3 1 0
actionphase/pkg/db/services/games.go:226.2,226.36 1 1
actionphase/pkg/db/services/games.go:226.36,228.3 1 0
actionphase/pkg/db/services/games.go:230.2,243.19 2 1
actionphase/pkg/db/services/games.go:247.76,250.2 2 1
actionphase/pkg/db/services/games.go:253.117,257.2 3 1
actionphase/pkg/db/services/games.go:260.104,263.2 2 1
actionphase/pkg/db/services/games.go:266.99,272.2 2 1
actionphase/pkg/db/services/games.go:275.132,283.2 3 1
actionphase/pkg/db/services/games.go:286.95,292.2 2 1
actionphase/pkg/db/services/games.go:295.120,298.2 2 1
actionphase/pkg/db/services/messages.go:25.44,26.16 1 1
actionphase/pkg/db/services/messages.go:26.16,28.3 1 1
actionphase/pkg/db/services/messages.go:29.2,29.46 1 1
actionphase/pkg/db/services/messages.go:33.48,35.2 1 1
actionphase/pkg/db/services/messages.go:38.111,42.101 2 1
actionphase/pkg/db/services/messages.go:42.101,44.3 1 1
actionphase/pkg/db/services/messages.go:47.2,55.16 2 1
actionphase/pkg/db/services/messages.go:55.16,57.3 1 0
actionphase/pkg/db/services/messages.go:59.2,59.22 1 1
actionphase/pkg/db/services/messages.go:63.103,67.16 3 1
actionphase/pkg/db/services/messages.go:67.16,69.3 1 0
actionphase/pkg/db/services/messages.go:71.2,71.37 1 1
actionphase/pkg/db/services/messages.go:75.103,79.16 3 1
actionphase/pkg/db/services/messages.go:79.16,81.3 1 0
actionphase/pkg/db/services/messages.go:84.2,85.16 2 1
actionphase/pkg/db/services/messages.go:85.16,87.3 1 0
actionphase/pkg/db/services/messages.go:89.2,110.8 1 1
actionphase/pkg/db/services/messages.go:114.146,120.20 3 1
actionphase/pkg/db/services/messages.go:120.20,122.3 1 0
actionphase/pkg/db/services/messages.go:124.2,130.16 2 1
actionphase/pkg/db/services/messages.go:130.16,132.3 1 0
actionphase/pkg/db/services/messages.go:134.2,135.29 2 1
actionphase/pkg/db/services/messages.go:135.29,138.17 2 1
actionphase/pkg/db/services/messages.go:138.17,140.4 1 0
actionphase/pkg/db/services/messages.go:142.3,163.4 1 1
actionphase/pkg/db/services/messages.go:166.2,166.20 1 1
actionphase/pkg/db/services/messages.go:170.111,174.16 3 1
actionphase/pkg/db/services/messages.go:174.16,176.3 1 0
actionphase/pkg/db/services/messages.go:178.2,179.29 2 1
actionphase/pkg/db/services/messages.go:179.29,202.3 1 1
actionphase/pkg/db/services/messages.go:204.2,204.20 1 1
actionphase/pkg/db/services/messages.go:208.113,215.16 3 1
actionphase/pkg/db/services/messages.go:215.16,217.3 1 0
actionphase/pkg/db/services/messages.go:219.2,219.22 1 1
actionphase/pkg/db/services/messages.go:223.78,227.16 3 1
actionphase/pkg/db/services/messages.go:227.16,229.3 1 0
actionphase/pkg/db/services/messages.go:231.2,231.12 1 1
actionphase/pkg/db/services/messages.go:235.117,239.101 2 1
actionphase/pkg/db/services/messages.go:239.101,241.3 1 0
actionphase/pkg/db/services/messages.go:244.2,253.16 2 1
actionphase/pkg/db/services/messages.go:253.16,255.3 1 0
actionphase/pkg/db/services/messages.go:257.2,257.22 1 1
actionphase/pkg/db/services/messages.go:261.109,265.16 3 1
actionphase/pkg/db/services/messages.go:265.16,267.3 1 1
actionphase/pkg/db/services/messages.go:269.2,290.8 1 1
actionphase/pkg/db/services/messages.go:294.114,298.16 3 1
actionphase/pkg/db/services/messages.go:298.16,300.3 1 0
actionphase/pkg/db/services/messages.go:302.2,303.35 2 1
actionphase/pkg/db/services/messages.go:303.35,326.3 1 1
actionphase/pkg/db/services/messages.go:328.2,328.20 1 1
actionphase/pkg/db/services/messages.go:332.119,339.16 3 1
actionphase/pkg/db/services/messages.go:339.16,341.3 1 0
actionphase/pkg/db/services/messages.go:343.2,343.22 1 1
actionphase/pkg/db/services/messages.go:347.84,351.16 3 1
actionphase/pkg/db/services/messages.go:351.16,353.3 1 0
actionphase/pkg/db/services/messages.go:355.2,355.12 1 1
actionphase/pkg/db/services/messages.go:359.109,365.20 3 1
actionphase/pkg/db/services/messages.go:365.20,367.3 1 0
actionphase/pkg/db/services/messages.go:369.2,373.16 2 1
actionphase/pkg/db/services/messages.go:373.16,375.3 1 0
actionphase/pkg/db/services/messages.go:377.2,377.19 1 1
actionphase/pkg/db/services/messages.go:381.96,385.16 3 1
actionphase/pkg/db/services/messages.go:385.16,387.3 1 0
actionphase/pkg/db/services/messages.go:389.2,389.19 1 1
actionphase/pkg/db/services/messages.go:393.123,400.16 3 1
actionphase/pkg/db/services/messages.go:400.16,402.3 1 0
actionphase/pkg/db/services/messages.go:404.2,405.29 2 1
actionphase/pkg/db/services/messages.go:405.29,428.3 1 1
actionphase/pkg/db/services/messages.go:430.2,430.20 1 1
actionphase/pkg/db/services/messages.go:434.138,442.16 3 1
actionphase/pkg/db/services/messages.go:442.16,444.3 1 0
actionphase/pkg/db/services/messages.go:446.2,446.23 1 1
actionphase/pkg/db/services/messages.go:450.114,458.16 3 1
actionphase/pkg/db/services/messages.go:458.16,460.3 1 0
actionphase/pkg/db/services/messages.go:462.2,462.12 1 1
actionphase/pkg/db/services/messages.go:466.125,470.16 3 1
actionphase/pkg/db/services/messages.go:470.16,472.3 1 0
actionphase/pkg/db/services/messages.go:474.2,474.23 1 1
actionphase/pkg/db/services/messages.go:478.121,482.16 3 1
actionphase/pkg/db/services/messages.go:482.16,484.3 1 0
actionphase/pkg/db/services/messages.go:486.2,486.20 1 1
actionphase/pkg/db/services/messages.go:490.117,495.16 3 1
actionphase/pkg/db/services/messages.go:495.16,497.3 1 0
actionphase/pkg/db/services/messages.go:500.2,500.32 1 1
actionphase/pkg/db/services/messages.go:500.32,502.3 1 1
actionphase/pkg/db/services/messages.go:505.2,505.66 1 1
actionphase/pkg/db/services/messages.go:505.66,507.3 1 1
actionphase/pkg/db/services/messages.go:510.2,510.86 1 1
actionphase/pkg/db/services/messages.go:510.86,513.58 2 1
actionphase/pkg/db/services/messages.go:513.58,515.4 1 0
actionphase/pkg/db/services/messages.go:518.3,519.17 2 1
actionphase/pkg/db/services/messages.go:519.17,521.4 1 0
actionphase/pkg/db/services/messages.go:523.3,523.32 1 1
actionphase/pkg/db/services/messages.go:523.32,526.4 1 1
actionphase/pkg/db/services/messages.go:529.2,529.61 1 1
actionphase/pkg/db/services/phases.go:79.114,85.44 4 1
actionphase/pkg/db/services/phases.go:85.44,86.33 1 1
actionphase/pkg/db/services/phases.go:86.33,88.9 2 1
actionphase/pkg/db/services/phases.go:91.2,91.14 1 1
actionphase/pkg/db/services/phases.go:91.14,93.3 1 1
actionphase/pkg/db/services/phases.go:96.2,97.16 2 1
actionphase/pkg/db/services/phases.go:97.16,99.3 1 0
actionphase/pkg/db/services/phases.go:102.2,103.27 2 1
actionphase/pkg/db/services/phases.go:103.27,104.39 1 1
actionphase/pkg/db/services/phases.go:105.14,106.25 1 1
actionphase/pkg/db/services/phases.go:107.14,108.32 1 0
actionphase/pkg/db/services/phases.go:113.2,114.26 2 1
actionphase/pkg/db/services/phases.go:114.26,116.3 1 1
actionphase/pkg/db/services/phases.go:119.2,128.24 2 1
actionphase/pkg/db/services/phases.go:128.24,130.3 1 1
actionphase/pkg/db/services/phases.go:132.2,132.25 1 1
actionphase/pkg/db/services/phases.go:132.25,134.3 1 1
actionphase/pkg/db/services/phases.go:136.2,137.16 2 1
actionphase/pkg/db/services/phases.go:137.16,139.3 1 0
actionphase/pkg/db/services/phases.go:141.2,141.20 1 1
actionphase/pkg/db/services/phases.go:144.102,148.16 3 1
actionphase/pkg/db/services/phases.go:148.16,149.36 1 1
actionphase/pkg/db/services/phases.go:149.36,151.4 1 1
actionphase/pkg/db/services/phases.go:152.3,152.64 1 0
actionphase/pkg/db/services/phases.go:155.2,155.20 1 1
actionphase/pkg/db/services/phases.go:158.102,162.16 3 1
actionphase/pkg/db/services/phases.go:162.16,164.3 1 0
actionphase/pkg/db/services/phases.go:166.2,166.20 1 1
actionphase/pkg/db/services/phases.go:169.97,173.16 3 1
actionphase/pkg/db/services/phases.go:173.16,174.36 1 0
actionphase/pkg/db/services/phases.go:174.36,176.4 1 0
actionphase/pkg/db/services/phases.go:177.3,177.57 1 0
actionphase/pkg/db/services/phases.go:180.2,180.20 1 1
actionphase/pkg/db/services/phases.go:184.105,186.2 1 1
actionphase/pkg/db/services/phases.go:189.107,191.2 1 1
actionphase/pkg/db/services/phases.go:193.131,202.16 4 1
actionphase/pkg/db/services/phases.go:202.16,204.3 1 0
actionphase/pkg/db/services/phases.go:206.2,206.20 1 1
actionphase/pkg/db/services/phases.go:211.123,216.16 3 1
actionphase/pkg/db/services/phases.go:216.16,218.3 1 1
actionphase/pkg/db/services/phases.go:220.2,220.26 1 1
actionphase/pkg/db/services/phases.go:220.26,222.3 1 1
actionphase/pkg/db/services/phases.go:224.2,224.33 1 1
actionphase/pkg/db/services/phases.go:224.33,226.3 1 1
actionphase/pkg/db/services/phases.go:229.2,229.67 1 1
actionphase/pkg/db/services/phases.go:229.67,231.3 1 1
actionphase/pkg/db/services/phases.go:234.2,234.28 1 1
actionphase/pkg/db/services/phases.go:234.28,236.17 2 1
actionphase/pkg/db/services/phases.go:236.17,238.4 1 1
actionphase/pkg/db/services/phases.go:241.3,241.70 1 1
actionphase/pkg/db/services/phases.go:241.70,243.4 1 1
actionphase/pkg/db/services/phases.go:246.3,246.37 1 1
actionphase/pkg/db/services/phases.go:246.37,248.4 1 1
actionphase/pkg/db/services/phases.go:252.2,253.33 2 1
actionphase/pkg/db/services/phases.go:254.14,255.17 1 1
actionphase/pkg/db/services/phases.go:256.14,257.25 1 1
actionphase/pkg/db/services/phases.go:258.10,259.36 1 1
actionphase/pkg/db/services/phases.go:263.2,271.28 2 1
actionphase/pkg/db/services/phases.go:271.28,273.3 1 1
actionphase/pkg/db/services/phases.go:275.2,276.16 2 1
actionphase/pkg/db/services/phases.go:276.16,278.3 1 0
actionphase/pkg/db/services/phases.go:280.2,280.21 1 1
actionphase/pkg/db/services/phases.go:283.125,293.16 4 1
actionphase/pkg/db/services/phases.go:293.16,294.36 1 1
actionphase/pkg/db/services/phases.go:294.36,296.4 1 1
actionphase/pkg/db/services/phases.go:297.3,297.63 1 0
actionphase/pkg/db/services/phases.go:300.2,300.21 1 1
actionphase/pkg/db/services/phases.go:303.119,312.16 4 1
actionphase/pkg/db/services/phases.go:312.16,314.3 1 0
actionphase/pkg/db/services/phases.go:316.2,316.21 1 1
actionphase/pkg/db/services/phases.go:319.114,323.16 3 1
actionphase/pkg/db/services/phases.go:323.16,325.3 1 0
actionphase/pkg/db/services/phases.go:327.2,327.21 1 1
actionphase/pkg/db/services/phases.go:330.111,334.16 3 1
actionphase/pkg/db/services/phases.go:334.16,336.3 1 0
actionphase/pkg/db/services/phases.go:338.2,338.21 1 1
actionphase/pkg/db/services/phases.go:341.96,351.16 4 1
actionphase/pkg/db/services/phases.go:351.16,353.3 1 0
actionphase/pkg/db/services/phases.go:355.2,355.12 1 1
actionphase/pkg/db/services/phases.go:360.150,373.16 4 1
actionphase/pkg/db/services/phases.go:373.16,375.3 1 0
actionphase/pkg/db/services/phases.go:377.2,377.21 1 1
actionphase/pkg/db/services/phases.go:380.119,389.16 4 1
actionphase/pkg/db/services/phases.go:389.16,391.3 1 0
actionphase/pkg/db/services/phases.go:393.2,393.21 1 1
actionphase/pkg/db/services/phases.go:396.111,400.16 3 1
actionphase/pkg/db/services/phases.go:400.16,402.3 1 0
actionphase/pkg/db/services/phases.go:404.2,404.21 1 1
actionphase/pkg/db/services/phases.go:409.102,413.16 3 1
actionphase/pkg/db/services/phases.go:413.16,415.3 1 0
actionphase/pkg/db/services/phases.go:417.2,417.37 1 1
actionphase/pkg/db/services/phases.go:420.103,424.16 3 1
actionphase/pkg/db/services/phases.go:424.16,426.3 1 0
actionphase/pkg/db/services/phases.go:428.2,428.43 1 1
actionphase/pkg/db/services/phases.go:428.43,429.76 1 1
actionphase/pkg/db/services/phases.go:429.76,431.4 1 1
actionphase/pkg/db/services/phases.go:434.2,434.19 1 1
actionphase/pkg/db/services/phases.go:439.87,451.23 2 1
actionphase/pkg/db/services/phases.go:451.23,453.3 1 1
actionphase/pkg/db/services/phases.go:455.2,455.63 1 1
actionphase/pkg/db/services/phases.go:455.63,457.3 1 1
actionphase/pkg/db/services/phases.go:459.2,459.25 1 1
actionphase/pkg/db/services/phases.go:459.25,461.3 1 1
actionphase/pkg/db/services/phases.go:463.2,463.26 1 1
actionphase/pkg/db/services/phases.go:463.26,465.3 1 1
actionphase/pkg/db/services/phases.go:467.2,467.17 1 1
actionphase/pkg/db/services/phases.go:470.97,481.30 2 1
actionphase/pkg/db/services/phases.go:481.30,483.3 1 0
actionphase/pkg/db/services/phases.go:485.2,485.17 1 1
actionphase/pkg/db/services/phases.go:490.114,499.26 3 1
actionphase/pkg/db/services/phases.go:499.26,501.3 1 0
actionphase/pkg/db/services/phases.go:502.2,502.24 1 1
actionphase/pkg/db/services/phases.go:502.24,504.3 1 1
actionphase/pkg/db/services/phases.go:505.2,505.25 1 1
actionphase/pkg/db/services/phases.go:505.25,507.3 1 0
actionphase/pkg/db/services/phases.go:509.2,510.16 2 1
actionphase/pkg/db/services/phases.go:510.16,512.3 1 0
actionphase/pkg/db/services/phases.go:514.2,514.20 1 1
actionphase/pkg/db/services/phases.go:517.150,520.16 2 1
actionphase/pkg/db/services/phases.go:520.16,522.3 1 0
actionphase/pkg/db/services/phases.go:523.2,530.16 5 1
actionphase/pkg/db/services/phases.go:530.16,534.17 3 1
actionphase/pkg/db/services/phases.go:534.17,536.4 1 0
actionphase/pkg/db/services/phases.go:540.2,541.16 2 1
actionphase/pkg/db/services/phases.go:541.16,543.3 1 0
actionphase/pkg/db/services/phases.go:545.2,546.27 2 1
actionphase/pkg/db/services/phases.go:546.27,547.39 1 1
actionphase/pkg/db/services/phases.go:548.14,549.25 1 1
actionphase/pkg/db/services/phases.go:550.14,551.32 1 0
actionphase/pkg/db/services/phases.go:556.2,558.25 3 1
actionphase/pkg/db/services/phases.go:558.25,561.3 2 1
actionphase/pkg/db/services/phases.go:561.8,561.31 1 1
actionphase/pkg/db/services/phases.go:561.31,563.3 1 0
actionphase/pkg/db/services/phases.go:566.2,586.30 3 1
actionphase/pkg/db/services/phases.go:586.30,588.3 1 1
actionphase/pkg/db/services/phases.go:589.2,589.31 1 1
actionphase/pkg/db/services/phases.go:589.31,591.3 1 1
actionphase/pkg/db/services/phases.go:593.2,594.16 2 1
actionphase/pkg/db/services/phases.go:594.16,596.3 1 0
actionphase/pkg/db/services/phases.go:599.2,600.16 2 1
actionphase/pkg/db/services/phases.go:600.16,602.3 1 0
actionphase/pkg/db/services/phases.go:605.2,611.27 2 1
actionphase/pkg/db/services/phases.go:611.27,613.3 1 1
actionphase/pkg/db/services/phases.go:615.2,616.16 2 1
actionphase/pkg/db/services/phases.go:616.16,618.3 1 0
actionphase/pkg/db/services/phases.go:620.2,620.39 1 1
actionphase/pkg/db/services/phases.go:620.39,622.3 1 0
actionphase/pkg/db/services/phases.go:624.2,624.26 1 1
actionphase/pkg/db/services/phases.go:627.89,630.2 2 1
actionphase/pkg/db/services/phases.go:633.110,638.16 3 1
actionphase/pkg/db/services/phases.go:638.16,640.3 1 0
actionphase/pkg/db/services/phases.go:643.2,644.16 2 1
actionphase/pkg/db/services/phases.go:644.16,646.3 1 0
actionphase/pkg/db/services/phases.go:647.2,653.16 4 1
actionphase/pkg/db/services/phases.go:653.16,655.3 1 0
actionphase/pkg/db/services/phases.go:658.2,659.16 2 1
actionphase/pkg/db/services/phases.go:659.16,661.3 1 0
actionphase/pkg/db/services/phases.go:663.2,663.39 1 1
actionphase/pkg/db/services/phases.go:663.39,665.3 1 0
actionphase/pkg/db/services/phases.go:667.2,667.26 1 1
actionphase/pkg/db/services/phases.go:670.90,673.16 2 1
actionphase/pkg/db/services/phases.go:673.16,675.3 1 0
actionphase/pkg/db/services/phases.go:676.2,676.24 1 1
actionphase/pkg/db/services/phases.go:676.24,678.3 1 0
actionphase/pkg/db/services/phases.go:680.2,681.12 2 1
actionphase/pkg/db/services/phases.go:685.112,689.16 3 1
actionphase/pkg/db/services/phases.go:689.16,691.3 1 0
actionphase/pkg/db/services/phases.go:693.2,693.20 1 1
actionphase/pkg/db/services/phases.go:696.112,699.16 3 1
actionphase/pkg/db/services/phases.go:699.16,701.3 1 0
actionphase/pkg/db/services/phases.go:704.2,705.32 2 1
actionphase/pkg/db/services/phases.go:705.32,716.26 2 1
actionphase/pkg/db/services/phases.go:716.26,720.4 3 1
actionphase/pkg/db/services/phases.go:721.3,721.21 1 1
actionphase/pkg/db/services/phases.go:721.21,723.4 1 1
actionphase/pkg/db/services/phases.go:726.2,726.20 1 1
actionphase/pkg/db/services/phases.go:731.134,739.16 3 1
actionphase/pkg/db/services/phases.go:739.16,741.3 1 1
actionphase/pkg/db/services/phases.go:743.2,743.16 1 1
actionphase/pkg/db/services/phases.go:743.16,745.3 1 0
actionphase/pkg/db/services/phases.go:748.2,748.28 1 1
actionphase/pkg/db/services/phases.go:748.28,750.17 2 1
actionphase/pkg/db/services/phases.go:750.17,752.4 1 1
actionphase/pkg/db/services/phases.go:755.3,755.70 1 1
actionphase/pkg/db/services/phases.go:755.70,757.4 1 1
actionphase/pkg/db/services/phases.go:760.3,760.37 1 1
actionphase/pkg/db/services/phases.go:760.37,762.4 1 1
actionphase/pkg/db/services/phases.go:766.2,776.28 3 1
actionphase/pkg/db/services/phases.go:776.28,778.3 1 1
actionphase/pkg/db/services/phases.go:780.2,781.16 2 1
actionphase/pkg/db/services/phases.go:781.16,783.3 1 0
actionphase/pkg/db/services/phases.go:785.2,785.21 1 1
actionphase/pkg/db/services/phases.go:788.131,792.16 3 1
actionphase/pkg/db/services/phases.go:792.16,793.36 1 1
actionphase/pkg/db/services/phases.go:793.36,795.4 1 1
actionphase/pkg/db/services/phases.go:796.3,796.69 1 0
actionphase/pkg/db/services/phases.go:799.2,799.25 1 1
actionphase/pkg/db/services/phases.go:802.137,809.16 3 1
actionphase/pkg/db/services/phases.go:809.16,810.36 1 1
actionphase/pkg/db/services/phases.go:810.36,812.4 1 1
actionphase/pkg/db/services/phases.go:813.3,813.73 1 0
actionphase/pkg/db/services/phases.go:816.2,816.25 1 1
actionphase/pkg/db/services/phases.go:819.127,823.16 3 1
actionphase/pkg/db/services/phases.go:823.16,825.3 1 0
actionphase/pkg/db/services/phases.go:828.2,829.32 2 1
actionphase/pkg/db/services/phases.go:829.32,839.26 2 1
actionphase/pkg/db/services/phases.go:839.26,841.4 1 0
actionphase/pkg/db/services/phases.go:842.3,842.26 1 1
actionphase/pkg/db/services/phases.go:842.26,844.4 1 1
actionphase/pkg/db/services/phases.go:847.2,847.20 1 1
actionphase/pkg/db/services/phases.go:850.114,857.16 3 1
actionphase/pkg/db/services/phases.go:857.16,859.3 1 0
actionphase/pkg/db/services/phases.go:861.2,861.12 1 1
actionphase/pkg/db/services/phases.go:864.142,869.16 3 1
actionphase/pkg/db/services/phases.go:869.16,871.3 1 0
actionphase/pkg/db/services/phases.go:874.2,888.16 4 1
actionphase/pkg/db/services/phases.go:888.16,890.3 1 0
actionphase/pkg/db/services/phases.go:892.2,892.21 1 1
actionphase/pkg/db/services/phases.go:895.119,899.16 3 1
actionphase/pkg/db/services/phases.go:899.16,900.36 1 1
actionphase/pkg/db/services/phases.go:900.36,902.4 1 1
actionphase/pkg/db/services/phases.go:903.3,903.65 1 0
actionphase/pkg/db/services/phases.go:906.2,906.21 1 1
actionphase/pkg/db/services/phases.go:909.131,916.16 3 1
actionphase/pkg/db/services/phases.go:916.16,918.3 1 0
actionphase/pkg/db/services/phases.go:920.2,920.21 1 1
actionphase/pkg/db/services/phases.go:923.107,927.16 3 1
actionphase/pkg/db/services/phases.go:927.16,929.3 1 0
actionphase/pkg/db/services/phases.go:931.2,931.12 1 1
actionphase/pkg/db/services/phases.go:934.101,938.16 3 1
actionphase/pkg/db/services/phases.go:938.16,940.3 1 0
actionphase/pkg/db/services/phases.go:942.2,942.12 1 1
actionphase/pkg/db/services/phases.go:945.114,949.16 3 1
actionphase/pkg/db/services/phases.go:949.16,951.3 1 0
actionphase/pkg/db/services/phases.go:953.2,953.19 1 1
actionphase/pkg/db/services/phases.go:956.138,963.16 3 1
actionphase/pkg/db/services/phases.go:963.16,964.36 1 0
actionphase/pkg/db/services/phases.go:964.36,966.4 1 0
actionphase/pkg/db/services/phases.go:967.3,967.68 1 0
actionphase/pkg/db/services/phases.go:970.2,970.21 1 1
actionphase/pkg/db/services/phases.go:973.128,978.16 3 1
actionphase/pkg/db/services/phases.go:978.16,980.3 1 0
actionphase/pkg/db/services/phases.go:983.2,986.41 3 1
actionphase/pkg/db/services/phases.go:986.41,987.30 1 1
actionphase/pkg/db/services/phases.go:987.30,989.4 1 1
actionphase/pkg/db/services/phases.go:989.9,991.36 2 1
actionphase/pkg/db/services/phases.go:991.36,992.88 1 1
actionphase/pkg/db/services/phases.go:992.88,994.6 1 1
actionphase/pkg/db/services/phases.go:1001.2,1002.23 2 1
actionphase/pkg/db/services/phases.go:1002.23,1004.3 1 0
actionphase/pkg/db/services/phases.go:1006.2,1016.29 3 1
actionphase/pkg/db/services/phases.go:1016.29,1018.3 1 1
actionphase/pkg/db/services/phases.go:1020.2,1020.20 1 1
actionphase/pkg/db/services/phases.go:1023.114,1028.16 3 1
actionphase/pkg/db/services/phases.go:1028.16,1030.3 1 0
actionphase/pkg/db/services/phases.go:1033.2,1033.64 1 1
actionphase/pkg/db/services/sessions.go:19.65,21.2 1 1
actionphase/pkg/db/services/sessions.go:23.78,27.16 4 1
actionphase/pkg/db/services/sessions.go:27.16,29.3 1 1
actionphase/pkg/db/services/sessions.go:30.2,32.8 1 1
actionphase/pkg/db/services/sessions.go:35.62,37.2 1 1
actionphase/pkg/db/services/sessions.go:39.81,50.2 4 1
actionphase/pkg/db/services/sessions.go:52.67,57.2 4 1
actionphase/pkg/db/services/users.go:17.56,19.2 1 1
actionphase/pkg/db/services/users.go:21.75,25.16 4 1
actionphase/pkg/db/services/users.go:25.16,27.3 1 1
actionphase/pkg/db/services/users.go:28.2,34.8 1 1
actionphase/pkg/db/services/users.go:37.53,39.2 1 1
actionphase/pkg/db/services/users.go:41.68,56.2 5 1
actionphase/pkg/db/services/users.go:58.48,60.2 1 1
