<testsuites id="" name="" tests="36" failures="0" skipped="0" errors="0" time="42.51585">
<testsuite name="auth/login.spec.ts" timestamp="2025-10-18T02:31:40.704Z" hostname="chromium" tests="8" failures="0" skipped="0" time="18.198" errors="0">
<testcase name="User Authentication › should successfully login and logout as GM" classname="auth/login.spec.ts" time="2.066">
</testcase>
<testcase name="User Authentication › should successfully login and logout as Player" classname="auth/login.spec.ts" time="3.642">
</testcase>
<testcase name="User Authentication › should allow re-login after logout" classname="auth/login.spec.ts" time="4.498">
</testcase>
<testcase name="User Authentication › should handle invalid credentials" classname="auth/login.spec.ts" time="0.958">
</testcase>
<testcase name="User Authentication › should redirect to login when accessing protected route while unauthenticated" classname="auth/login.spec.ts" time="1.624">
</testcase>
<testcase name="User Authentication › should redirect to dashboard when accessing login while authenticated" classname="auth/login.spec.ts" time="2.745">
</testcase>
<testcase name="User Authentication › should persist authentication across page reloads" classname="auth/login.spec.ts" time="1.278">
</testcase>
<testcase name="User Authentication › should navigate to games page after login" classname="auth/login.spec.ts" time="1.387">
</testcase>
</testsuite>
<testsuite name="gameplay/action-submission-flow.spec.ts" timestamp="2025-10-18T02:31:40.704Z" hostname="chromium" tests="4" failures="0" skipped="0" time="13.928" errors="0">
<testcase name="Action Submission Flow › Player can submit a new action for active action phase" classname="gameplay/action-submission-flow.spec.ts" time="5.586">
</testcase>
<testcase name="Action Submission Flow › Player can view their submitted action" classname="gameplay/action-submission-flow.spec.ts" time="2.744">
</testcase>
<testcase name="Action Submission Flow › GM can view all submitted actions for active phase" classname="gameplay/action-submission-flow.spec.ts" time="2.864">
</testcase>
<testcase name="Action Submission Flow › Player cannot submit action when no action phase is active" classname="gameplay/action-submission-flow.spec.ts" time="2.734">
</testcase>
</testsuite>
<testsuite name="gameplay/character-creation-flow.spec.ts" timestamp="2025-10-18T02:31:40.704Z" hostname="chromium" tests="2" failures="0" skipped="0" time="14.822" errors="0">
<testcase name="Character Creation Flow › Player can create a character after being approved" classname="gameplay/character-creation-flow.spec.ts" time="10.376">
</testcase>
<testcase name="Character Creation Flow › GM can create NPC characters" classname="gameplay/character-creation-flow.spec.ts" time="4.446">
</testcase>
</testsuite>
<testsuite name="gameplay/phase-management.spec.ts" timestamp="2025-10-18T02:31:40.704Z" hostname="chromium" tests="3" failures="0" skipped="0" time="13.311" errors="0">
<testcase name="Phase Management Flow › GM can create a phase" classname="gameplay/phase-management.spec.ts" time="3.842">
</testcase>
<testcase name="Phase Management Flow › GM can activate a phase" classname="gameplay/phase-management.spec.ts" time="7.294">
</testcase>
<testcase name="Phase Management Flow › GM can view phase history" classname="gameplay/phase-management.spec.ts" time="2.175">
</testcase>
</testsuite>
<testsuite name="gameplay/player-views-phase-history.spec.ts" timestamp="2025-10-18T02:31:40.704Z" hostname="chromium" tests="3" failures="0" skipped="0" time="9.079" errors="0">
<testcase name="Player Views Phase History › Player can view phase history list" classname="gameplay/player-views-phase-history.spec.ts" time="2.165">
</testcase>
<testcase name="Player Views Phase History › Player can view details of a common_room phase" classname="gameplay/player-views-phase-history.spec.ts" time="3.191">
</testcase>
<testcase name="Player Views Phase History › Player can navigate back from phase details" classname="gameplay/player-views-phase-history.spec.ts" time="3.723">
</testcase>
</testsuite>
<testsuite name="games/gm-creates-and-recruits.spec.ts" timestamp="2025-10-18T02:31:40.704Z" hostname="chromium" tests="2" failures="0" skipped="0" time="2.823" errors="0">
<testcase name="GM Creates Game &amp; Recruits Players › GM can create a game" classname="games/gm-creates-and-recruits.spec.ts" time="1.392">
</testcase>
<testcase name="GM Creates Game &amp; Recruits Players › GM can start recruitment for a game" classname="games/gm-creates-and-recruits.spec.ts" time="1.431">
</testcase>
</testsuite>
<testsuite name="games/gm-edits-game-settings.spec.ts" timestamp="2025-10-18T02:31:40.704Z" hostname="chromium" tests="3" failures="0" skipped="0" time="12.584" errors="0">
<testcase name="GM Edits Game Settings › GM can edit game title and description" classname="games/gm-edits-game-settings.spec.ts" time="3.774">
</testcase>
<testcase name="GM Edits Game Settings › GM can edit game settings (genre, max players)" classname="games/gm-edits-game-settings.spec.ts" time="4.259">
</testcase>
<testcase name="GM Edits Game Settings › GM can toggle anonymous mode" classname="games/gm-edits-game-settings.spec.ts" time="4.551">
</testcase>
</testsuite>
<testsuite name="games/gm-ends-game.spec.ts" timestamp="2025-10-18T02:31:40.704Z" hostname="chromium" tests="4" failures="0" skipped="0" time="15.533" errors="0">
<testcase name="GM Ends Game › GM can complete an in_progress game" classname="games/gm-ends-game.spec.ts" time="3.205">
</testcase>
<testcase name="GM Ends Game › GM can pause and resume a game before completing it" classname="games/gm-ends-game.spec.ts" time="5.2">
</testcase>
<testcase name="GM Ends Game › Completed game shows appropriate UI to players" classname="games/gm-ends-game.spec.ts" time="3.926">
</testcase>
<testcase name="GM Ends Game › GM can cancel a game during recruitment" classname="games/gm-ends-game.spec.ts" time="3.202">
</testcase>
</testsuite>
<testsuite name="games/gm-manages-applications.spec.ts" timestamp="2025-10-18T02:31:40.704Z" hostname="chromium" tests="3" failures="0" skipped="0" time="35.522" errors="0">
<testcase name="GM Manages Game Applications › GM can view pending applications" classname="games/gm-manages-applications.spec.ts" time="9.051">
</testcase>
<testcase name="GM Manages Game Applications › GM can approve multiple applications" classname="games/gm-manages-applications.spec.ts" time="15.152">
</testcase>
<testcase name="GM Manages Game Applications › GM can reject applications" classname="games/gm-manages-applications.spec.ts" time="11.319">
</testcase>
</testsuite>
<testsuite name="messaging/common-room.spec.ts" timestamp="2025-10-18T02:31:40.704Z" hostname="chromium" tests="3" failures="0" skipped="0" time="25.871" errors="0">
<testcase name="Common Room Flow › GM can create a post in Common Room" classname="messaging/common-room.spec.ts" time="4.762">
</testcase>
<testcase name="Common Room Flow › Player can view GM posts in Common Room" classname="messaging/common-room.spec.ts" time="7.023">
</testcase>
<testcase name="Common Room Flow › Player can comment on GM post" classname="messaging/common-room.spec.ts" time="14.086">
</testcase>
</testsuite>
<testsuite name="messaging/private-messages-flow.spec.ts" timestamp="2025-10-18T02:31:40.704Z" hostname="chromium" tests="1" failures="0" skipped="0" time="16.986" errors="0">
<testcase name="Private Messages Flow › Players can send private messages to each other" classname="messaging/private-messages-flow.spec.ts" time="16.986">
</testcase>
</testsuite>
</testsuites>
